[ 2014-01-03T09:41:28+08:00 ] 127.0.0.1 /waste/
INFO: [ app_begin ] --START--
INFO: ReadHtmlCache Behavior ::run [ RunTime:0.017519s ]
INFO: [ app_begin ] --END-- [ RunTime:0.017792s ]
INFO: [ view_parse ] --START--
INFO: ParseTemplate Behavior ::run [ RunTime:0.286139s ]
INFO: [ view_parse ] --END-- [ RunTime:0.286303s ]
INFO: [ view_filter ] --START--
INFO: ContentReplace Behavior ::run [ RunTime:0.052379s ]
INFO: TokenBuild Behavior ::run [ RunTime:0.052951s ]
INFO: WriteHtmlCache Behavior ::run [ RunTime:0.001870s ]
INFO: ShowRuntime Behavior ::run [ RunTime:0.058762s ]
INFO: [ view_filter ] --END-- [ RunTime:0.166344s ]
INFO: [ view_end ] --START--
INFO: ShowPageTrace Behavior ::run [ RunTime:0.002307s ]
INFO: [ view_end ] --END-- [ RunTime:0.002402s ]

[ 2014-01-03T09:59:46+08:00 ] 127.0.0.1 /waste/
INFO: [ app_begin ] --START--
INFO: ReadHtmlCache Behavior ::run [ RunTime:0.001215s ]
INFO: [ app_begin ] --END-- [ RunTime:0.001340s ]
INFO: [ view_parse ] --START--
INFO: ParseTemplate Behavior ::run [ RunTime:0.021871s ]
INFO: [ view_parse ] --END-- [ RunTime:0.022032s ]
INFO: [ view_filter ] --START--
INFO: ContentReplace Behavior ::run [ RunTime:0.001087s ]
INFO: TokenBuild Behavior ::run [ RunTime:0.000929s ]
INFO: WriteHtmlCache Behavior ::run [ RunTime:0.000756s ]
INFO: ShowRuntime Behavior ::run [ RunTime:0.001008s ]
INFO: [ view_filter ] --END-- [ RunTime:0.004002s ]
INFO: [ view_end ] --START--
INFO: ShowPageTrace Behavior ::run [ RunTime:0.001156s ]
INFO: [ view_end ] --END-- [ RunTime:0.001232s ]

[ 2014-01-03T10:00:47+08:00 ] 127.0.0.1 /waste/
INFO: [ app_begin ] --START--
INFO: ReadHtmlCache Behavior ::run [ RunTime:0.001220s ]
INFO: [ app_begin ] --END-- [ RunTime:0.001358s ]
INFO: [ view_parse ] --START--
INFO: ParseTemplate Behavior ::run [ RunTime:0.024667s ]
INFO: [ view_parse ] --END-- [ RunTime:0.024819s ]
INFO: [ view_filter ] --START--
INFO: ContentReplace Behavior ::run [ RunTime:0.001043s ]
INFO: TokenBuild Behavior ::run [ RunTime:0.000913s ]
INFO: WriteHtmlCache Behavior ::run [ RunTime:0.000784s ]
INFO: ShowRuntime Behavior ::run [ RunTime:0.001026s ]
INFO: [ view_filter ] --END-- [ RunTime:0.003983s ]
INFO: [ view_end ] --START--
INFO: ShowPageTrace Behavior ::run [ RunTime:0.001278s ]
INFO: [ view_end ] --END-- [ RunTime:0.001357s ]

[ 2014-01-03T10:01:51+08:00 ] 127.0.0.1 /waste/
INFO: [ app_begin ] --START--
INFO: ReadHtmlCache Behavior ::run [ RunTime:0.001384s ]
INFO: [ app_begin ] --END-- [ RunTime:0.001538s ]
INFO: [ view_parse ] --START--
INFO: ParseTemplate Behavior ::run [ RunTime:0.021784s ]
INFO: [ view_parse ] --END-- [ RunTime:0.021937s ]
INFO: [ view_filter ] --START--
INFO: ContentReplace Behavior ::run [ RunTime:0.000907s ]
INFO: TokenBuild Behavior ::run [ RunTime:0.000877s ]
INFO: WriteHtmlCache Behavior ::run [ RunTime:0.000742s ]
INFO: ShowRuntime Behavior ::run [ RunTime:0.000985s ]
INFO: [ view_filter ] --END-- [ RunTime:0.003728s ]
INFO: [ view_end ] --START--
INFO: ShowPageTrace Behavior ::run [ RunTime:0.001153s ]
INFO: [ view_end ] --END-- [ RunTime:0.001228s ]

[ 2014-01-03T10:02:37+08:00 ] 127.0.0.1 /waste/
INFO: [ app_begin ] --START--
INFO: ReadHtmlCache Behavior ::run [ RunTime:0.001184s ]
INFO: [ app_begin ] --END-- [ RunTime:0.001304s ]
INFO: [ view_parse ] --START--
INFO: ParseTemplate Behavior ::run [ RunTime:0.013488s ]
INFO: [ view_parse ] --END-- [ RunTime:0.013681s ]
INFO: [ view_filter ] --START--
INFO: ContentReplace Behavior ::run [ RunTime:0.001263s ]
INFO: TokenBuild Behavior ::run [ RunTime:0.001275s ]
INFO: WriteHtmlCache Behavior ::run [ RunTime:0.000917s ]
INFO: ShowRuntime Behavior ::run [ RunTime:0.001370s ]
INFO: [ view_filter ] --END-- [ RunTime:0.005161s ]
INFO: [ view_end ] --START--
INFO: ShowPageTrace Behavior ::run [ RunTime:0.001218s ]
INFO: [ view_end ] --END-- [ RunTime:0.001315s ]

[ 2014-01-03T10:06:40+08:00 ] 127.0.0.1 /waste/
INFO: [ app_begin ] --START--
INFO: ReadHtmlCache Behavior ::run [ RunTime:0.001433s ]
INFO: [ app_begin ] --END-- [ RunTime:0.001562s ]
INFO: [ view_parse ] --START--
INFO: ParseTemplate Behavior ::run [ RunTime:0.013980s ]
INFO: [ view_parse ] --END-- [ RunTime:0.014149s ]
INFO: [ view_filter ] --START--
INFO: ContentReplace Behavior ::run [ RunTime:0.001028s ]
INFO: TokenBuild Behavior ::run [ RunTime:0.001168s ]
INFO: WriteHtmlCache Behavior ::run [ RunTime:0.000992s ]
INFO: ShowRuntime Behavior ::run [ RunTime:0.001171s ]
INFO: [ view_filter ] --END-- [ RunTime:0.004705s ]
INFO: [ view_end ] --START--
INFO: ShowPageTrace Behavior ::run [ RunTime:0.001193s ]
INFO: [ view_end ] --END-- [ RunTime:0.001277s ]

[ 2014-01-03T15:54:27+08:00 ] 127.0.0.1 /waste/
INFO: [ app_begin ] --START--
INFO: ReadHtmlCache Behavior ::run [ RunTime:0.001863s ]
INFO: [ app_begin ] --END-- [ RunTime:0.002015s ]
INFO: [ view_parse ] --START--
NOTIC: [8] Use of undefined constant Admin - assumed 'Admin' D:\GitLab\waste\App\Runtime\Cache\Admin\d19c3bcb9a5477a0b6531abed443c5f7.php 第 43 行.
NOTIC: [8] Use of undefined constant Index - assumed 'Index' D:\GitLab\waste\App\Runtime\Cache\Admin\d19c3bcb9a5477a0b6531abed443c5f7.php 第 43 行.
NOTIC: [2] Division by zero D:\GitLab\waste\App\Runtime\Cache\Admin\d19c3bcb9a5477a0b6531abed443c5f7.php 第 43 行.
NOTIC: [8] Use of undefined constant verify - assumed 'verify' D:\GitLab\waste\App\Runtime\Cache\Admin\d19c3bcb9a5477a0b6531abed443c5f7.php 第 43 行.
NOTIC: [2] Division by zero D:\GitLab\waste\App\Runtime\Cache\Admin\d19c3bcb9a5477a0b6531abed443c5f7.php 第 43 行.
INFO: ParseTemplate Behavior ::run [ RunTime:0.076659s ]
INFO: [ view_parse ] --END-- [ RunTime:0.076838s ]
INFO: [ view_filter ] --START--
INFO: ContentReplace Behavior ::run [ RunTime:0.002099s ]
INFO: TokenBuild Behavior ::run [ RunTime:0.001927s ]
INFO: WriteHtmlCache Behavior ::run [ RunTime:0.001732s ]
INFO: ShowRuntime Behavior ::run [ RunTime:0.002265s ]
INFO: [ view_filter ] --END-- [ RunTime:0.008487s ]
INFO: [ view_end ] --START--
INFO: ShowPageTrace Behavior ::run [ RunTime:0.002019s ]
INFO: [ view_end ] --END-- [ RunTime:0.002114s ]

[ 2014-01-03T15:54:33+08:00 ] 127.0.0.1 /waste/?
INFO: [ app_begin ] --START--
INFO: ReadHtmlCache Behavior ::run [ RunTime:0.001208s ]
INFO: [ app_begin ] --END-- [ RunTime:0.001334s ]
INFO: [ view_parse ] --START--
NOTIC: [8] Use of undefined constant Admin - assumed 'Admin' D:\GitLab\waste\App\Runtime\Cache\Admin\d19c3bcb9a5477a0b6531abed443c5f7.php 第 43 行.
NOTIC: [8] Use of undefined constant Index - assumed 'Index' D:\GitLab\waste\App\Runtime\Cache\Admin\d19c3bcb9a5477a0b6531abed443c5f7.php 第 43 行.
NOTIC: [2] Division by zero D:\GitLab\waste\App\Runtime\Cache\Admin\d19c3bcb9a5477a0b6531abed443c5f7.php 第 43 行.
NOTIC: [8] Use of undefined constant verify - assumed 'verify' D:\GitLab\waste\App\Runtime\Cache\Admin\d19c3bcb9a5477a0b6531abed443c5f7.php 第 43 行.
NOTIC: [2] Division by zero D:\GitLab\waste\App\Runtime\Cache\Admin\d19c3bcb9a5477a0b6531abed443c5f7.php 第 43 行.
INFO: ParseTemplate Behavior ::run [ RunTime:0.025828s ]
INFO: [ view_parse ] --END-- [ RunTime:0.025971s ]
INFO: [ view_filter ] --START--
INFO: ContentReplace Behavior ::run [ RunTime:0.001276s ]
INFO: TokenBuild Behavior ::run [ RunTime:0.001089s ]
INFO: WriteHtmlCache Behavior ::run [ RunTime:0.000898s ]
INFO: ShowRuntime Behavior ::run [ RunTime:0.001129s ]
INFO: [ view_filter ] --END-- [ RunTime:0.004772s ]
INFO: [ view_end ] --START--
INFO: ShowPageTrace Behavior ::run [ RunTime:0.001348s ]
INFO: [ view_end ] --END-- [ RunTime:0.001448s ]

[ 2014-01-03T15:54:41+08:00 ] 127.0.0.1 /waste/?
INFO: [ app_begin ] --START--
INFO: ReadHtmlCache Behavior ::run [ RunTime:0.003239s ]
INFO: [ app_begin ] --END-- [ RunTime:0.003426s ]
INFO: [ view_parse ] --START--
NOTIC: [8] Use of undefined constant Admin - assumed 'Admin' D:\GitLab\waste\App\Runtime\Cache\Admin\d19c3bcb9a5477a0b6531abed443c5f7.php 第 43 行.
NOTIC: [8] Use of undefined constant Index - assumed 'Index' D:\GitLab\waste\App\Runtime\Cache\Admin\d19c3bcb9a5477a0b6531abed443c5f7.php 第 43 行.
NOTIC: [2] Division by zero D:\GitLab\waste\App\Runtime\Cache\Admin\d19c3bcb9a5477a0b6531abed443c5f7.php 第 43 行.
NOTIC: [8] Use of undefined constant verify - assumed 'verify' D:\GitLab\waste\App\Runtime\Cache\Admin\d19c3bcb9a5477a0b6531abed443c5f7.php 第 43 行.
NOTIC: [2] Division by zero D:\GitLab\waste\App\Runtime\Cache\Admin\d19c3bcb9a5477a0b6531abed443c5f7.php 第 43 行.
INFO: ParseTemplate Behavior ::run [ RunTime:0.012695s ]
INFO: [ view_parse ] --END-- [ RunTime:0.012808s ]
INFO: [ view_filter ] --START--
INFO: ContentReplace Behavior ::run [ RunTime:0.000602s ]
INFO: TokenBuild Behavior ::run [ RunTime:0.000449s ]
INFO: WriteHtmlCache Behavior ::run [ RunTime:0.000285s ]
INFO: ShowRuntime Behavior ::run [ RunTime:0.000832s ]
INFO: [ view_filter ] --END-- [ RunTime:0.002427s ]
INFO: [ view_end ] --START--
INFO: ShowPageTrace Behavior ::run [ RunTime:0.001026s ]
INFO: [ view_end ] --END-- [ RunTime:0.001200s ]

[ 2014-01-03T16:25:04+08:00 ] 127.0.0.1 /waste/?
INFO: [ app_begin ] --START--
INFO: ReadHtmlCache Behavior ::run [ RunTime:0.001400s ]
INFO: [ app_begin ] --END-- [ RunTime:0.001529s ]
INFO: [ view_parse ] --START--
NOTIC: [8] Use of undefined constant Admin - assumed 'Admin' D:\GitLab\waste\App\Runtime\Cache\Admin\d19c3bcb9a5477a0b6531abed443c5f7.php 第 36 行.
NOTIC: [8] Use of undefined constant Index - assumed 'Index' D:\GitLab\waste\App\Runtime\Cache\Admin\d19c3bcb9a5477a0b6531abed443c5f7.php 第 36 行.
NOTIC: [2] Division by zero D:\GitLab\waste\App\Runtime\Cache\Admin\d19c3bcb9a5477a0b6531abed443c5f7.php 第 36 行.
NOTIC: [8] Use of undefined constant verify - assumed 'verify' D:\GitLab\waste\App\Runtime\Cache\Admin\d19c3bcb9a5477a0b6531abed443c5f7.php 第 36 行.
NOTIC: [2] Division by zero D:\GitLab\waste\App\Runtime\Cache\Admin\d19c3bcb9a5477a0b6531abed443c5f7.php 第 36 行.
NOTIC: [8] Use of undefined constant Admin - assumed 'Admin' D:\GitLab\waste\App\Runtime\Cache\Admin\d19c3bcb9a5477a0b6531abed443c5f7.php 第 43 行.
NOTIC: [8] Use of undefined constant Index - assumed 'Index' D:\GitLab\waste\App\Runtime\Cache\Admin\d19c3bcb9a5477a0b6531abed443c5f7.php 第 43 行.
NOTIC: [2] Division by zero D:\GitLab\waste\App\Runtime\Cache\Admin\d19c3bcb9a5477a0b6531abed443c5f7.php 第 43 行.
NOTIC: [8] Use of undefined constant verify - assumed 'verify' D:\GitLab\waste\App\Runtime\Cache\Admin\d19c3bcb9a5477a0b6531abed443c5f7.php 第 43 行.
NOTIC: [2] Division by zero D:\GitLab\waste\App\Runtime\Cache\Admin\d19c3bcb9a5477a0b6531abed443c5f7.php 第 43 行.
INFO: ParseTemplate Behavior ::run [ RunTime:0.023298s ]
INFO: [ view_parse ] --END-- [ RunTime:0.023413s ]
INFO: [ view_filter ] --START--
INFO: ContentReplace Behavior ::run [ RunTime:0.000938s ]
INFO: TokenBuild Behavior ::run [ RunTime:0.000890s ]
INFO: WriteHtmlCache Behavior ::run [ RunTime:0.000734s ]
INFO: ShowRuntime Behavior ::run [ RunTime:0.000997s ]
INFO: [ view_filter ] --END-- [ RunTime:0.003776s ]
INFO: [ view_end ] --START--
INFO: ShowPageTrace Behavior ::run [ RunTime:0.001208s ]
INFO: [ view_end ] --END-- [ RunTime:0.001289s ]

[ 2014-01-03T16:25:08+08:00 ] 127.0.0.1 /waste/index.php/Index/index.html
INFO: [ route_check ] --START--
INFO: CheckRoute Behavior ::run [ RunTime:0.066061s ]
INFO: [ route_check ] --END-- [ RunTime:0.066219s ]
INFO: [ app_begin ] --START--
INFO: ReadHtmlCache Behavior ::run [ RunTime:0.001168s ]
INFO: [ app_begin ] --END-- [ RunTime:0.001266s ]
INFO: [ view_parse ] --START--
NOTIC: [8] Use of undefined constant Admin - assumed 'Admin' D:\GitLab\waste\App\Runtime\Cache\Admin\d19c3bcb9a5477a0b6531abed443c5f7.php 第 36 行.
NOTIC: [8] Use of undefined constant Index - assumed 'Index' D:\GitLab\waste\App\Runtime\Cache\Admin\d19c3bcb9a5477a0b6531abed443c5f7.php 第 36 行.
NOTIC: [2] Division by zero D:\GitLab\waste\App\Runtime\Cache\Admin\d19c3bcb9a5477a0b6531abed443c5f7.php 第 36 行.
NOTIC: [8] Use of undefined constant verify - assumed 'verify' D:\GitLab\waste\App\Runtime\Cache\Admin\d19c3bcb9a5477a0b6531abed443c5f7.php 第 36 行.
NOTIC: [2] Division by zero D:\GitLab\waste\App\Runtime\Cache\Admin\d19c3bcb9a5477a0b6531abed443c5f7.php 第 36 行.
NOTIC: [8] Use of undefined constant Admin - assumed 'Admin' D:\GitLab\waste\App\Runtime\Cache\Admin\d19c3bcb9a5477a0b6531abed443c5f7.php 第 43 行.
NOTIC: [8] Use of undefined constant Index - assumed 'Index' D:\GitLab\waste\App\Runtime\Cache\Admin\d19c3bcb9a5477a0b6531abed443c5f7.php 第 43 行.
NOTIC: [2] Division by zero D:\GitLab\waste\App\Runtime\Cache\Admin\d19c3bcb9a5477a0b6531abed443c5f7.php 第 43 行.
NOTIC: [8] Use of undefined constant verify - assumed 'verify' D:\GitLab\waste\App\Runtime\Cache\Admin\d19c3bcb9a5477a0b6531abed443c5f7.php 第 43 行.
NOTIC: [2] Division by zero D:\GitLab\waste\App\Runtime\Cache\Admin\d19c3bcb9a5477a0b6531abed443c5f7.php 第 43 行.
INFO: ParseTemplate Behavior ::run [ RunTime:0.015799s ]
INFO: [ view_parse ] --END-- [ RunTime:0.015917s ]
INFO: [ view_filter ] --START--
INFO: ContentReplace Behavior ::run [ RunTime:0.001160s ]
INFO: TokenBuild Behavior ::run [ RunTime:0.001652s ]
INFO: WriteHtmlCache Behavior ::run [ RunTime:0.001311s ]
INFO: ShowRuntime Behavior ::run [ RunTime:0.002650s ]
INFO: [ view_filter ] --END-- [ RunTime:0.007161s ]
INFO: [ view_end ] --START--
INFO: ShowPageTrace Behavior ::run [ RunTime:0.002013s ]
INFO: [ view_end ] --END-- [ RunTime:0.002131s ]

