[ 2014-01-08T11:40:21+08:00 ] 127.0.0.1 /
INFO: [ app_begin ] --START--
INFO: ReadHtmlCache Behavior ::run [ RunTime:0.045424s ]
INFO: [ app_begin ] --END-- [ RunTime:0.045620s ]
INFO: [ view_parse ] --START--
INFO: ParseTemplate Behavior ::run [ RunTime:0.142419s ]
INFO: [ view_parse ] --END-- [ RunTime:0.142566s ]
INFO: [ view_filter ] --START--
INFO: ContentReplace Behavior ::run [ RunTime:0.053087s ]
INFO: TokenBuild Behavior ::run [ RunTime:0.023151s ]
INFO: WriteHtmlCache Behavior ::run [ RunTime:0.028636s ]
INFO: ShowRuntime Behavior ::run [ RunTime:0.025098s ]
INFO: [ view_filter ] --END-- [ RunTime:0.130353s ]
INFO: [ view_end ] --START--
INFO: ShowPageTrace Behavior ::run [ RunTime:0.017893s ]
INFO: [ view_end ] --END-- [ RunTime:0.018006s ]

[ 2014-01-08T11:40:22+08:00 ] 127.0.0.1 /index.php/Home/Index/verify.html
INFO: [ route_check ] --START--
INFO: CheckRoute Behavior ::run [ RunTime:0.089881s ]
INFO: [ route_check ] --END-- [ RunTime:0.090102s ]
INFO: [ app_begin ] --START--
INFO: ReadHtmlCache Behavior ::run [ RunTime:0.002653s ]
INFO: [ app_begin ] --END-- [ RunTime:0.002841s ]

[ 2014-01-08T11:44:10+08:00 ] 127.0.0.1 /
INFO: [ app_begin ] --START--
INFO: ReadHtmlCache Behavior ::run [ RunTime:0.001197s ]
INFO: [ app_begin ] --END-- [ RunTime:0.001311s ]
INFO: [ view_parse ] --START--
INFO: ParseTemplate Behavior ::run [ RunTime:0.022988s ]
INFO: [ view_parse ] --END-- [ RunTime:0.023111s ]
INFO: [ view_filter ] --START--
INFO: ContentReplace Behavior ::run [ RunTime:0.000956s ]
INFO: TokenBuild Behavior ::run [ RunTime:0.000914s ]
INFO: WriteHtmlCache Behavior ::run [ RunTime:0.000774s ]
INFO: ShowRuntime Behavior ::run [ RunTime:0.001043s ]
INFO: [ view_filter ] --END-- [ RunTime:0.003902s ]
INFO: [ view_end ] --START--
INFO: ShowPageTrace Behavior ::run [ RunTime:0.001305s ]
INFO: [ view_end ] --END-- [ RunTime:0.001384s ]

[ 2014-01-08T11:44:10+08:00 ] 127.0.0.1 /index.php/Home/Index/verify.html
INFO: [ route_check ] --START--
INFO: CheckRoute Behavior ::run [ RunTime:0.001530s ]
INFO: [ route_check ] --END-- [ RunTime:0.001655s ]
INFO: [ app_begin ] --START--
INFO: ReadHtmlCache Behavior ::run [ RunTime:0.001149s ]
INFO: [ app_begin ] --END-- [ RunTime:0.001231s ]

[ 2014-01-08T11:51:12+08:00 ] 127.0.0.1 /
INFO: [ app_begin ] --START--
INFO: ReadHtmlCache Behavior ::run [ RunTime:0.001220s ]
INFO: [ app_begin ] --END-- [ RunTime:0.001344s ]
INFO: [ view_parse ] --START--
INFO: ParseTemplate Behavior ::run [ RunTime:0.021619s ]
INFO: [ view_parse ] --END-- [ RunTime:0.021739s ]
INFO: [ view_filter ] --START--
INFO: ContentReplace Behavior ::run [ RunTime:0.000985s ]
INFO: TokenBuild Behavior ::run [ RunTime:0.001084s ]
INFO: WriteHtmlCache Behavior ::run [ RunTime:0.000828s ]
INFO: ShowRuntime Behavior ::run [ RunTime:0.001052s ]
INFO: [ view_filter ] --END-- [ RunTime:0.004191s ]
INFO: [ view_end ] --START--
INFO: ShowPageTrace Behavior ::run [ RunTime:0.001226s ]
INFO: [ view_end ] --END-- [ RunTime:0.001309s ]

[ 2014-01-08T11:51:12+08:00 ] 127.0.0.1 /index.php/Home/Index/verify.html
INFO: [ route_check ] --START--
INFO: CheckRoute Behavior ::run [ RunTime:0.001673s ]
INFO: [ route_check ] --END-- [ RunTime:0.001841s ]
INFO: [ app_begin ] --START--
INFO: ReadHtmlCache Behavior ::run [ RunTime:0.001316s ]
INFO: [ app_begin ] --END-- [ RunTime:0.001446s ]

[ 2014-01-08T11:53:15+08:00 ] 127.0.0.1 /
INFO: [ app_begin ] --START--
INFO: ReadHtmlCache Behavior ::run [ RunTime:0.001248s ]
INFO: [ app_begin ] --END-- [ RunTime:0.001382s ]
INFO: [ view_parse ] --START--
INFO: ParseTemplate Behavior ::run [ RunTime:0.024744s ]
INFO: [ view_parse ] --END-- [ RunTime:0.024878s ]
INFO: [ view_filter ] --START--
INFO: ContentReplace Behavior ::run [ RunTime:0.001198s ]
INFO: TokenBuild Behavior ::run [ RunTime:0.001130s ]
INFO: WriteHtmlCache Behavior ::run [ RunTime:0.000775s ]
INFO: ShowRuntime Behavior ::run [ RunTime:0.001040s ]
INFO: [ view_filter ] --END-- [ RunTime:0.004384s ]
INFO: [ view_end ] --START--
INFO: ShowPageTrace Behavior ::run [ RunTime:0.001586s ]
INFO: [ view_end ] --END-- [ RunTime:0.001702s ]

[ 2014-01-08T11:53:15+08:00 ] 127.0.0.1 /index.php/Home/Index/verify.html
INFO: [ route_check ] --START--
INFO: CheckRoute Behavior ::run [ RunTime:0.003354s ]
INFO: [ route_check ] --END-- [ RunTime:0.003572s ]
INFO: [ app_begin ] --START--
INFO: ReadHtmlCache Behavior ::run [ RunTime:0.001955s ]
INFO: [ app_begin ] --END-- [ RunTime:0.002157s ]

[ 2014-01-08T11:57:30+08:00 ] 127.0.0.1 /
INFO: [ app_begin ] --START--
INFO: ReadHtmlCache Behavior ::run [ RunTime:0.001250s ]
INFO: [ app_begin ] --END-- [ RunTime:0.001369s ]
INFO: [ view_parse ] --START--
INFO: ParseTemplate Behavior ::run [ RunTime:0.022522s ]
INFO: [ view_parse ] --END-- [ RunTime:0.022653s ]
INFO: [ view_filter ] --START--
INFO: ContentReplace Behavior ::run [ RunTime:0.001106s ]
INFO: TokenBuild Behavior ::run [ RunTime:0.000914s ]
INFO: WriteHtmlCache Behavior ::run [ RunTime:0.000769s ]
INFO: ShowRuntime Behavior ::run [ RunTime:0.001087s ]
INFO: [ view_filter ] --END-- [ RunTime:0.004097s ]
INFO: [ view_end ] --START--
INFO: ShowPageTrace Behavior ::run [ RunTime:0.001223s ]
INFO: [ view_end ] --END-- [ RunTime:0.001304s ]

[ 2014-01-08T11:57:30+08:00 ] 127.0.0.1 /index.php/Home/Index/verify.html
INFO: [ route_check ] --START--
INFO: CheckRoute Behavior ::run [ RunTime:0.001916s ]
INFO: [ route_check ] --END-- [ RunTime:0.002076s ]
INFO: [ app_begin ] --START--
INFO: ReadHtmlCache Behavior ::run [ RunTime:0.001253s ]
INFO: [ app_begin ] --END-- [ RunTime:0.001388s ]

[ 2014-01-08T11:57:50+08:00 ] 127.0.0.1 /
INFO: [ app_begin ] --START--
INFO: ReadHtmlCache Behavior ::run [ RunTime:0.000741s ]
INFO: [ app_begin ] --END-- [ RunTime:0.000858s ]
INFO: [ view_parse ] --START--
INFO: ParseTemplate Behavior ::run [ RunTime:0.013030s ]
INFO: [ view_parse ] --END-- [ RunTime:0.013145s ]
INFO: [ view_filter ] --START--
INFO: ContentReplace Behavior ::run [ RunTime:0.000932s ]
INFO: TokenBuild Behavior ::run [ RunTime:0.000995s ]
INFO: WriteHtmlCache Behavior ::run [ RunTime:0.000899s ]
INFO: ShowRuntime Behavior ::run [ RunTime:0.001060s ]
INFO: [ view_filter ] --END-- [ RunTime:0.004116s ]
INFO: [ view_end ] --START--
INFO: ShowPageTrace Behavior ::run [ RunTime:0.001195s ]
INFO: [ view_end ] --END-- [ RunTime:0.001272s ]

[ 2014-01-08T11:57:51+08:00 ] 127.0.0.1 /index.php/Home/Index/verify.html
INFO: [ route_check ] --START--
INFO: CheckRoute Behavior ::run [ RunTime:0.001637s ]
INFO: [ route_check ] --END-- [ RunTime:0.001788s ]
INFO: [ app_begin ] --START--
INFO: ReadHtmlCache Behavior ::run [ RunTime:0.001294s ]
INFO: [ app_begin ] --END-- [ RunTime:0.001434s ]

[ 2014-01-08T12:01:40+08:00 ] 127.0.0.1 /
INFO: [ app_begin ] --START--
INFO: ReadHtmlCache Behavior ::run [ RunTime:0.001280s ]
INFO: [ app_begin ] --END-- [ RunTime:0.001395s ]
INFO: [ view_parse ] --START--
INFO: ParseTemplate Behavior ::run [ RunTime:0.015103s ]
INFO: [ view_parse ] --END-- [ RunTime:0.015222s ]
INFO: [ view_filter ] --START--
INFO: ContentReplace Behavior ::run [ RunTime:0.000986s ]
INFO: TokenBuild Behavior ::run [ RunTime:0.000910s ]
INFO: WriteHtmlCache Behavior ::run [ RunTime:0.000760s ]
INFO: ShowRuntime Behavior ::run [ RunTime:0.001022s ]
INFO: [ view_filter ] --END-- [ RunTime:0.003897s ]
INFO: [ view_end ] --START--
INFO: ShowPageTrace Behavior ::run [ RunTime:0.001194s ]
INFO: [ view_end ] --END-- [ RunTime:0.001270s ]

[ 2014-01-08T12:01:41+08:00 ] 127.0.0.1 /index.php/Home/Index/verify.html
INFO: [ route_check ] --START--
INFO: CheckRoute Behavior ::run [ RunTime:0.001792s ]
INFO: [ route_check ] --END-- [ RunTime:0.001924s ]
INFO: [ app_begin ] --START--
INFO: ReadHtmlCache Behavior ::run [ RunTime:0.001571s ]
INFO: [ app_begin ] --END-- [ RunTime:0.001726s ]

[ 2014-01-08T12:03:25+08:00 ] 127.0.0.1 /
INFO: [ app_begin ] --START--
INFO: ReadHtmlCache Behavior ::run [ RunTime:0.001206s ]
INFO: [ app_begin ] --END-- [ RunTime:0.001323s ]
INFO: [ view_parse ] --START--
INFO: ParseTemplate Behavior ::run [ RunTime:0.014059s ]
INFO: [ view_parse ] --END-- [ RunTime:0.014180s ]
INFO: [ view_filter ] --START--
INFO: ContentReplace Behavior ::run [ RunTime:0.001103s ]
INFO: TokenBuild Behavior ::run [ RunTime:0.000911s ]
INFO: WriteHtmlCache Behavior ::run [ RunTime:0.000761s ]
INFO: ShowRuntime Behavior ::run [ RunTime:0.001033s ]
INFO: [ view_filter ] --END-- [ RunTime:0.004021s ]
INFO: [ view_end ] --START--
INFO: ShowPageTrace Behavior ::run [ RunTime:0.001203s ]
INFO: [ view_end ] --END-- [ RunTime:0.001278s ]

[ 2014-01-08T12:03:25+08:00 ] 127.0.0.1 /index.php/Home/Index/verify.html
INFO: [ route_check ] --START--
INFO: CheckRoute Behavior ::run [ RunTime:0.002724s ]
INFO: [ route_check ] --END-- [ RunTime:0.002926s ]
INFO: [ app_begin ] --START--
INFO: ReadHtmlCache Behavior ::run [ RunTime:0.001910s ]
INFO: [ app_begin ] --END-- [ RunTime:0.002133s ]

[ 2014-01-08T12:03:55+08:00 ] 127.0.0.1 /
INFO: [ app_begin ] --START--
INFO: ReadHtmlCache Behavior ::run [ RunTime:0.000693s ]
INFO: [ app_begin ] --END-- [ RunTime:0.000809s ]
INFO: [ view_parse ] --START--
INFO: ParseTemplate Behavior ::run [ RunTime:0.023847s ]
INFO: [ view_parse ] --END-- [ RunTime:0.023992s ]
INFO: [ view_filter ] --START--
INFO: ContentReplace Behavior ::run [ RunTime:0.001250s ]
INFO: TokenBuild Behavior ::run [ RunTime:0.000946s ]
INFO: WriteHtmlCache Behavior ::run [ RunTime:0.000769s ]
INFO: ShowRuntime Behavior ::run [ RunTime:0.001064s ]
INFO: [ view_filter ] --END-- [ RunTime:0.004257s ]
INFO: [ view_end ] --START--
INFO: ShowPageTrace Behavior ::run [ RunTime:0.001249s ]
INFO: [ view_end ] --END-- [ RunTime:0.001327s ]

[ 2014-01-08T12:03:55+08:00 ] 127.0.0.1 /index.php/Home/Index/verify.html
INFO: [ route_check ] --START--
INFO: CheckRoute Behavior ::run [ RunTime:0.002388s ]
INFO: [ route_check ] --END-- [ RunTime:0.002575s ]
INFO: [ app_begin ] --START--
INFO: ReadHtmlCache Behavior ::run [ RunTime:0.000790s ]
INFO: [ app_begin ] --END-- [ RunTime:0.000904s ]

[ 2014-01-08T12:03:56+08:00 ] 127.0.0.1 /index.php/Home/Register/first.html
INFO: [ route_check ] --START--
INFO: CheckRoute Behavior ::run [ RunTime:0.001133s ]
INFO: [ route_check ] --END-- [ RunTime:0.001253s ]
INFO: [ app_begin ] --START--
INFO: ReadHtmlCache Behavior ::run [ RunTime:0.000695s ]
INFO: [ app_begin ] --END-- [ RunTime:0.000766s ]
INFO: [ view_parse ] --START--
INFO: ParseTemplate Behavior ::run [ RunTime:0.010504s ]
INFO: [ view_parse ] --END-- [ RunTime:0.010627s ]
INFO: [ view_filter ] --START--
INFO: ContentReplace Behavior ::run [ RunTime:0.000441s ]
INFO: TokenBuild Behavior ::run [ RunTime:0.000438s ]
INFO: WriteHtmlCache Behavior ::run [ RunTime:0.000335s ]
INFO: ShowRuntime Behavior ::run [ RunTime:0.000559s ]
INFO: [ view_filter ] --END-- [ RunTime:0.001974s ]
INFO: [ view_end ] --START--
INFO: ShowPageTrace Behavior ::run [ RunTime:0.000739s ]
INFO: [ view_end ] --END-- [ RunTime:0.000810s ]

[ 2014-01-08T12:04:28+08:00 ] 127.0.0.1 /
INFO: [ app_begin ] --START--
INFO: ReadHtmlCache Behavior ::run [ RunTime:0.001176s ]
INFO: [ app_begin ] --END-- [ RunTime:0.001291s ]
INFO: [ view_parse ] --START--
INFO: ParseTemplate Behavior ::run [ RunTime:0.023123s ]
INFO: [ view_parse ] --END-- [ RunTime:0.023256s ]
INFO: [ view_filter ] --START--
INFO: ContentReplace Behavior ::run [ RunTime:0.000963s ]
INFO: TokenBuild Behavior ::run [ RunTime:0.000905s ]
INFO: WriteHtmlCache Behavior ::run [ RunTime:0.000757s ]
INFO: ShowRuntime Behavior ::run [ RunTime:0.001029s ]
INFO: [ view_filter ] --END-- [ RunTime:0.003870s ]
INFO: [ view_end ] --START--
INFO: ShowPageTrace Behavior ::run [ RunTime:0.001188s ]
INFO: [ view_end ] --END-- [ RunTime:0.001264s ]

[ 2014-01-08T12:04:28+08:00 ] 127.0.0.1 /index.php/Home/Index/verify.html
INFO: [ route_check ] --START--
INFO: CheckRoute Behavior ::run [ RunTime:0.001565s ]
INFO: [ route_check ] --END-- [ RunTime:0.001694s ]
INFO: [ app_begin ] --START--
INFO: ReadHtmlCache Behavior ::run [ RunTime:0.001188s ]
INFO: [ app_begin ] --END-- [ RunTime:0.001286s ]

[ 2014-01-08T12:04:28+08:00 ] 127.0.0.1 /index.php/Home/Register/first.html
INFO: [ route_check ] --START--
INFO: CheckRoute Behavior ::run [ RunTime:0.001063s ]
INFO: [ route_check ] --END-- [ RunTime:0.001182s ]
INFO: [ app_begin ] --START--
INFO: ReadHtmlCache Behavior ::run [ RunTime:0.000771s ]
INFO: [ app_begin ] --END-- [ RunTime:0.000862s ]
INFO: [ view_parse ] --START--
INFO: ParseTemplate Behavior ::run [ RunTime:0.012552s ]
INFO: [ view_parse ] --END-- [ RunTime:0.012689s ]
INFO: [ view_filter ] --START--
INFO: ContentReplace Behavior ::run [ RunTime:0.001028s ]
INFO: TokenBuild Behavior ::run [ RunTime:0.000940s ]
INFO: WriteHtmlCache Behavior ::run [ RunTime:0.000839s ]
INFO: ShowRuntime Behavior ::run [ RunTime:0.001101s ]
INFO: [ view_filter ] --END-- [ RunTime:0.004208s ]
INFO: [ view_end ] --START--
INFO: ShowPageTrace Behavior ::run [ RunTime:0.001243s ]
INFO: [ view_end ] --END-- [ RunTime:0.001313s ]

[ 2014-01-08T12:04:34+08:00 ] 127.0.0.1 /index.php/Home/Register/first.html
INFO: [ route_check ] --START--
INFO: CheckRoute Behavior ::run [ RunTime:0.001375s ]
INFO: [ route_check ] --END-- [ RunTime:0.001507s ]
INFO: [ app_begin ] --START--
INFO: ReadHtmlCache Behavior ::run [ RunTime:0.000678s ]
INFO: [ app_begin ] --END-- [ RunTime:0.000753s ]
INFO: [ view_parse ] --START--
INFO: ParseTemplate Behavior ::run [ RunTime:0.009199s ]
INFO: [ view_parse ] --END-- [ RunTime:0.009310s ]
INFO: [ view_filter ] --START--
INFO: ContentReplace Behavior ::run [ RunTime:0.000405s ]
INFO: TokenBuild Behavior ::run [ RunTime:0.000431s ]
INFO: WriteHtmlCache Behavior ::run [ RunTime:0.000281s ]
INFO: ShowRuntime Behavior ::run [ RunTime:0.000536s ]
INFO: [ view_filter ] --END-- [ RunTime:0.001844s ]
INFO: [ view_end ] --START--
INFO: ShowPageTrace Behavior ::run [ RunTime:0.000756s ]
INFO: [ view_end ] --END-- [ RunTime:0.000827s ]

[ 2014-01-08T12:04:34+08:00 ] 127.0.0.1 /index.php/Home/Register/first.html
INFO: [ route_check ] --START--
INFO: CheckRoute Behavior ::run [ RunTime:0.001233s ]
INFO: [ route_check ] --END-- [ RunTime:0.001364s ]
INFO: [ app_begin ] --START--
INFO: ReadHtmlCache Behavior ::run [ RunTime:0.000770s ]
INFO: [ app_begin ] --END-- [ RunTime:0.000854s ]
INFO: [ view_parse ] --START--
INFO: ParseTemplate Behavior ::run [ RunTime:0.011149s ]
INFO: [ view_parse ] --END-- [ RunTime:0.011278s ]
INFO: [ view_filter ] --START--
INFO: ContentReplace Behavior ::run [ RunTime:0.000431s ]
INFO: TokenBuild Behavior ::run [ RunTime:0.000480s ]
INFO: WriteHtmlCache Behavior ::run [ RunTime:0.000281s ]
INFO: ShowRuntime Behavior ::run [ RunTime:0.000581s ]
INFO: [ view_filter ] --END-- [ RunTime:0.001959s ]
INFO: [ view_end ] --START--
INFO: ShowPageTrace Behavior ::run [ RunTime:0.000768s ]
INFO: [ view_end ] --END-- [ RunTime:0.000835s ]

[ 2014-01-08T12:04:35+08:00 ] 127.0.0.1 /
INFO: [ app_begin ] --START--
INFO: ReadHtmlCache Behavior ::run [ RunTime:0.000721s ]
INFO: [ app_begin ] --END-- [ RunTime:0.000838s ]
INFO: [ view_parse ] --START--
INFO: ParseTemplate Behavior ::run [ RunTime:0.010825s ]
INFO: [ view_parse ] --END-- [ RunTime:0.010946s ]
INFO: [ view_filter ] --START--
INFO: ContentReplace Behavior ::run [ RunTime:0.000460s ]
INFO: TokenBuild Behavior ::run [ RunTime:0.000429s ]
INFO: WriteHtmlCache Behavior ::run [ RunTime:0.000285s ]
INFO: ShowRuntime Behavior ::run [ RunTime:0.000543s ]
INFO: [ view_filter ] --END-- [ RunTime:0.001929s ]
INFO: [ view_end ] --START--
INFO: ShowPageTrace Behavior ::run [ RunTime:0.000713s ]
INFO: [ view_end ] --END-- [ RunTime:0.000790s ]

[ 2014-01-08T12:04:36+08:00 ] 127.0.0.1 /index.php/Home/Index/verify.html
INFO: [ route_check ] --START--
INFO: CheckRoute Behavior ::run [ RunTime:0.001233s ]
INFO: [ route_check ] --END-- [ RunTime:0.001385s ]
INFO: [ app_begin ] --START--
INFO: ReadHtmlCache Behavior ::run [ RunTime:0.000837s ]
INFO: [ app_begin ] --END-- [ RunTime:0.000955s ]

[ 2014-01-08T12:04:37+08:00 ] 127.0.0.1 /index.php/Home/Register/first.html
INFO: [ route_check ] --START--
INFO: CheckRoute Behavior ::run [ RunTime:0.001140s ]
INFO: [ route_check ] --END-- [ RunTime:0.001261s ]
INFO: [ app_begin ] --START--
INFO: ReadHtmlCache Behavior ::run [ RunTime:0.000687s ]
INFO: [ app_begin ] --END-- [ RunTime:0.000760s ]
INFO: [ view_parse ] --START--
INFO: ParseTemplate Behavior ::run [ RunTime:0.009279s ]
INFO: [ view_parse ] --END-- [ RunTime:0.009412s ]
INFO: [ view_filter ] --START--
INFO: ContentReplace Behavior ::run [ RunTime:0.000430s ]
INFO: TokenBuild Behavior ::run [ RunTime:0.000702s ]
INFO: WriteHtmlCache Behavior ::run [ RunTime:0.000413s ]
INFO: ShowRuntime Behavior ::run [ RunTime:0.000751s ]
INFO: [ view_filter ] --END-- [ RunTime:0.002544s ]
INFO: [ view_end ] --START--
INFO: ShowPageTrace Behavior ::run [ RunTime:0.000722s ]
INFO: [ view_end ] --END-- [ RunTime:0.000797s ]

[ 2014-01-08T12:04:40+08:00 ] 127.0.0.1 /index.php/Home/Register/first.html
INFO: [ route_check ] --START--
INFO: CheckRoute Behavior ::run [ RunTime:0.001526s ]
INFO: [ route_check ] --END-- [ RunTime:0.001693s ]
INFO: [ app_begin ] --START--
INFO: ReadHtmlCache Behavior ::run [ RunTime:0.000802s ]
INFO: [ app_begin ] --END-- [ RunTime:0.000885s ]
INFO: [ view_parse ] --START--
INFO: ParseTemplate Behavior ::run [ RunTime:0.010167s ]
INFO: [ view_parse ] --END-- [ RunTime:0.010291s ]
INFO: [ view_filter ] --START--
INFO: ContentReplace Behavior ::run [ RunTime:0.000528s ]
INFO: TokenBuild Behavior ::run [ RunTime:0.000498s ]
INFO: WriteHtmlCache Behavior ::run [ RunTime:0.000328s ]
INFO: ShowRuntime Behavior ::run [ RunTime:0.000690s ]
INFO: [ view_filter ] --END-- [ RunTime:0.002366s ]
INFO: [ view_end ] --START--
INFO: ShowPageTrace Behavior ::run [ RunTime:0.000861s ]
INFO: [ view_end ] --END-- [ RunTime:0.000933s ]

[ 2014-01-08T12:05:18+08:00 ] 127.0.0.1 /index.php/Home/Register/first.html
INFO: [ route_check ] --START--
INFO: CheckRoute Behavior ::run [ RunTime:0.001082s ]
INFO: [ route_check ] --END-- [ RunTime:0.001228s ]
INFO: [ app_begin ] --START--
INFO: ReadHtmlCache Behavior ::run [ RunTime:0.000664s ]
INFO: [ app_begin ] --END-- [ RunTime:0.000737s ]
INFO: [ view_parse ] --START--
INFO: ParseTemplate Behavior ::run [ RunTime:0.008946s ]
INFO: [ view_parse ] --END-- [ RunTime:0.009061s ]
INFO: [ view_filter ] --START--
INFO: ContentReplace Behavior ::run [ RunTime:0.000425s ]
INFO: TokenBuild Behavior ::run [ RunTime:0.000438s ]
INFO: WriteHtmlCache Behavior ::run [ RunTime:0.000286s ]
INFO: ShowRuntime Behavior ::run [ RunTime:0.000541s ]
INFO: [ view_filter ] --END-- [ RunTime:0.001878s ]
INFO: [ view_end ] --START--
INFO: ShowPageTrace Behavior ::run [ RunTime:0.000718s ]
INFO: [ view_end ] --END-- [ RunTime:0.000788s ]

[ 2014-01-08T12:05:20+08:00 ] 127.0.0.1 /index.php/Home/Register/first.html
INFO: [ route_check ] --START--
INFO: CheckRoute Behavior ::run [ RunTime:0.001271s ]
INFO: [ route_check ] --END-- [ RunTime:0.001400s ]
INFO: [ app_begin ] --START--
INFO: ReadHtmlCache Behavior ::run [ RunTime:0.000825s ]
INFO: [ app_begin ] --END-- [ RunTime:0.000909s ]
INFO: [ view_parse ] --START--
INFO: ParseTemplate Behavior ::run [ RunTime:0.010350s ]
INFO: [ view_parse ] --END-- [ RunTime:0.010468s ]
INFO: [ view_filter ] --START--
INFO: ContentReplace Behavior ::run [ RunTime:0.000417s ]
INFO: TokenBuild Behavior ::run [ RunTime:0.000444s ]
INFO: WriteHtmlCache Behavior ::run [ RunTime:0.000284s ]
INFO: ShowRuntime Behavior ::run [ RunTime:0.000550s ]
INFO: [ view_filter ] --END-- [ RunTime:0.001883s ]
INFO: [ view_end ] --START--
INFO: ShowPageTrace Behavior ::run [ RunTime:0.000716s ]
INFO: [ view_end ] --END-- [ RunTime:0.000782s ]

[ 2014-01-08T13:40:23+08:00 ] 127.0.0.1 /
INFO: [ app_begin ] --START--
INFO: ReadHtmlCache Behavior ::run [ RunTime:0.001734s ]
INFO: [ app_begin ] --END-- [ RunTime:0.001876s ]
INFO: [ view_parse ] --START--
INFO: ParseTemplate Behavior ::run [ RunTime:0.020796s ]
INFO: [ view_parse ] --END-- [ RunTime:0.020939s ]
INFO: [ view_filter ] --START--
INFO: ContentReplace Behavior ::run [ RunTime:0.001172s ]
INFO: TokenBuild Behavior ::run [ RunTime:0.001149s ]
INFO: WriteHtmlCache Behavior ::run [ RunTime:0.000962s ]
INFO: ShowRuntime Behavior ::run [ RunTime:0.002087s ]
INFO: [ view_filter ] --END-- [ RunTime:0.005652s ]
INFO: [ view_end ] --START--
INFO: ShowPageTrace Behavior ::run [ RunTime:0.001964s ]
INFO: [ view_end ] --END-- [ RunTime:0.002081s ]

[ 2014-01-08T13:40:24+08:00 ] 127.0.0.1 /index.php/Home/Index/verify.html
INFO: [ route_check ] --START--
INFO: CheckRoute Behavior ::run [ RunTime:0.001706s ]
INFO: [ route_check ] --END-- [ RunTime:0.001853s ]
INFO: [ app_begin ] --START--
INFO: ReadHtmlCache Behavior ::run [ RunTime:0.001307s ]
INFO: [ app_begin ] --END-- [ RunTime:0.001431s ]

[ 2014-01-08T13:43:00+08:00 ] 127.0.0.1 /index.php/Home/Index/login.html
INFO: [ route_check ] --START--
INFO: CheckRoute Behavior ::run [ RunTime:0.001525s ]
INFO: [ route_check ] --END-- [ RunTime:0.001651s ]
INFO: [ app_begin ] --START--
INFO: ReadHtmlCache Behavior ::run [ RunTime:0.001445s ]
INFO: [ app_begin ] --END-- [ RunTime:0.001561s ]
SQL: SHOW COLUMNS FROM `user` [ RunTime:0.003144s ]
SQL: SELECT * FROM `user` WHERE ( `username` = 'city' ) LIMIT 1   [ RunTime:0.003898s ]
SQL: UPDATE `user` SET `current_login_time`='2014-01-08 13:42:59',`current_login_ip`='127.0.0.1' WHERE ( `user_id` = 3 ) [ RunTime:0.006324s ]

[ 2014-01-08T13:43:00+08:00 ] 127.0.0.1 /index.php/Home/Login/city.html
INFO: [ route_check ] --START--
INFO: CheckRoute Behavior ::run [ RunTime:0.001024s ]
INFO: [ route_check ] --END-- [ RunTime:0.001134s ]
INFO: [ app_begin ] --START--
INFO: ReadHtmlCache Behavior ::run [ RunTime:0.000774s ]
INFO: [ app_begin ] --END-- [ RunTime:0.000859s ]
INFO: [ view_parse ] --START--
INFO: ParseTemplate Behavior ::run [ RunTime:0.035426s ]
INFO: [ view_parse ] --END-- [ RunTime:0.035629s ]
INFO: [ view_filter ] --START--
INFO: ContentReplace Behavior ::run [ RunTime:0.001453s ]
INFO: TokenBuild Behavior ::run [ RunTime:0.000971s ]
INFO: WriteHtmlCache Behavior ::run [ RunTime:0.000767s ]
INFO: ShowRuntime Behavior ::run [ RunTime:0.001081s ]
INFO: [ view_filter ] --END-- [ RunTime:0.004519s ]
INFO: [ view_end ] --START--
INFO: ShowPageTrace Behavior ::run [ RunTime:0.001255s ]
INFO: [ view_end ] --END-- [ RunTime:0.001337s ]

[ 2014-01-08T13:43:16+08:00 ] 127.0.0.1 /index.php/Home/Login/logout.html
INFO: [ route_check ] --START--
INFO: CheckRoute Behavior ::run [ RunTime:0.001586s ]
INFO: [ route_check ] --END-- [ RunTime:0.001719s ]
INFO: [ app_begin ] --START--
INFO: ReadHtmlCache Behavior ::run [ RunTime:0.001531s ]
INFO: [ app_begin ] --END-- [ RunTime:0.001654s ]
SQL: SHOW COLUMNS FROM `user` [ RunTime:0.002543s ]
SQL: UPDATE `user` SET `last_login_time`='2014-01-07 21:29:25',`last_login_ip`='127.0.0.1' WHERE ( `user_id` = 3 ) [ RunTime:0.005545s ]

[ 2014-01-08T13:43:16+08:00 ] 127.0.0.1 /index.php/Home/Index/index.html
INFO: [ route_check ] --START--
INFO: CheckRoute Behavior ::run [ RunTime:0.001046s ]
INFO: [ route_check ] --END-- [ RunTime:0.001159s ]
INFO: [ app_begin ] --START--
INFO: ReadHtmlCache Behavior ::run [ RunTime:0.000663s ]
INFO: [ app_begin ] --END-- [ RunTime:0.000743s ]
INFO: [ view_parse ] --START--
INFO: ParseTemplate Behavior ::run [ RunTime:0.015169s ]
INFO: [ view_parse ] --END-- [ RunTime:0.015343s ]
INFO: [ view_filter ] --START--
INFO: ContentReplace Behavior ::run [ RunTime:0.001525s ]
INFO: TokenBuild Behavior ::run [ RunTime:0.002364s ]
INFO: WriteHtmlCache Behavior ::run [ RunTime:0.001282s ]
INFO: ShowRuntime Behavior ::run [ RunTime:0.001546s ]
INFO: [ view_filter ] --END-- [ RunTime:0.007117s ]
INFO: [ view_end ] --START--
INFO: ShowPageTrace Behavior ::run [ RunTime:0.001862s ]
INFO: [ view_end ] --END-- [ RunTime:0.002000s ]

[ 2014-01-08T13:43:17+08:00 ] 127.0.0.1 /index.php/Home/Index/verify.html
INFO: [ route_check ] --START--
INFO: CheckRoute Behavior ::run [ RunTime:0.001201s ]
INFO: [ route_check ] --END-- [ RunTime:0.001346s ]
INFO: [ app_begin ] --START--
INFO: ReadHtmlCache Behavior ::run [ RunTime:0.001021s ]
INFO: [ app_begin ] --END-- [ RunTime:0.001167s ]

[ 2014-01-08T13:43:23+08:00 ] 127.0.0.1 /index.php/Home/Login/index.html
INFO: [ route_check ] --START--
INFO: CheckRoute Behavior ::run [ RunTime:0.001718s ]
INFO: [ route_check ] --END-- [ RunTime:0.001851s ]
INFO: [ app_begin ] --START--
INFO: ReadHtmlCache Behavior ::run [ RunTime:0.001500s ]
INFO: [ app_begin ] --END-- [ RunTime:0.001622s ]

[ 2014-01-08T13:43:23+08:00 ] 127.0.0.1 /index.php/Home/Index/index.html
INFO: [ route_check ] --START--
INFO: CheckRoute Behavior ::run [ RunTime:0.001190s ]
INFO: [ route_check ] --END-- [ RunTime:0.001308s ]
INFO: [ app_begin ] --START--
INFO: ReadHtmlCache Behavior ::run [ RunTime:0.002280s ]
INFO: [ app_begin ] --END-- [ RunTime:0.002460s ]
INFO: [ view_parse ] --START--
INFO: ParseTemplate Behavior ::run [ RunTime:0.018603s ]
INFO: [ view_parse ] --END-- [ RunTime:0.018781s ]
INFO: [ view_filter ] --START--
INFO: ContentReplace Behavior ::run [ RunTime:0.001684s ]
INFO: TokenBuild Behavior ::run [ RunTime:0.001626s ]
INFO: WriteHtmlCache Behavior ::run [ RunTime:0.000852s ]
INFO: ShowRuntime Behavior ::run [ RunTime:0.001257s ]
INFO: [ view_filter ] --END-- [ RunTime:0.005959s ]
INFO: [ view_end ] --START--
INFO: ShowPageTrace Behavior ::run [ RunTime:0.003809s ]
INFO: [ view_end ] --END-- [ RunTime:0.003924s ]

[ 2014-01-08T13:43:23+08:00 ] 127.0.0.1 /index.php/Home/Index/verify.html
INFO: [ route_check ] --START--
INFO: CheckRoute Behavior ::run [ RunTime:0.001094s ]
INFO: [ route_check ] --END-- [ RunTime:0.001247s ]
INFO: [ app_begin ] --START--
INFO: ReadHtmlCache Behavior ::run [ RunTime:0.000933s ]
INFO: [ app_begin ] --END-- [ RunTime:0.001061s ]

[ 2014-01-08T13:43:39+08:00 ] 127.0.0.1 /index.php/Home/Index/login.html
INFO: [ route_check ] --START--
INFO: CheckRoute Behavior ::run [ RunTime:0.001148s ]
INFO: [ route_check ] --END-- [ RunTime:0.001286s ]
INFO: [ app_begin ] --START--
INFO: ReadHtmlCache Behavior ::run [ RunTime:0.000676s ]
INFO: [ app_begin ] --END-- [ RunTime:0.000759s ]
SQL: SHOW COLUMNS FROM `user` [ RunTime:0.004140s ]
SQL: SELECT * FROM `user` WHERE ( `username` = 'admin' ) LIMIT 1   [ RunTime:0.002448s ]
SQL: UPDATE `user` SET `current_login_time`='2014-01-08 13:43:39',`current_login_ip`='127.0.0.1' WHERE ( `user_id` = 0 ) [ RunTime:0.008735s ]

[ 2014-01-08T13:43:39+08:00 ] 127.0.0.1 /index.php/Home/Login/index.html
INFO: [ route_check ] --START--
INFO: CheckRoute Behavior ::run [ RunTime:0.001120s ]
INFO: [ route_check ] --END-- [ RunTime:0.001233s ]
INFO: [ app_begin ] --START--
INFO: ReadHtmlCache Behavior ::run [ RunTime:0.000678s ]
INFO: [ app_begin ] --END-- [ RunTime:0.000765s ]
INFO: [ view_parse ] --START--
INFO: ParseTemplate Behavior ::run [ RunTime:0.032863s ]
INFO: [ view_parse ] --END-- [ RunTime:0.033192s ]
INFO: [ view_filter ] --START--
INFO: ContentReplace Behavior ::run [ RunTime:0.000528s ]
INFO: TokenBuild Behavior ::run [ RunTime:0.000489s ]
INFO: WriteHtmlCache Behavior ::run [ RunTime:0.000354s ]
INFO: ShowRuntime Behavior ::run [ RunTime:0.000577s ]
INFO: [ view_filter ] --END-- [ RunTime:0.002224s ]
INFO: [ view_end ] --START--
INFO: ShowPageTrace Behavior ::run [ RunTime:0.000759s ]
INFO: [ view_end ] --END-- [ RunTime:0.000839s ]

[ 2014-01-08T13:43:45+08:00 ] 127.0.0.1 /index.php/Home/Login/city.html
INFO: [ route_check ] --START--
INFO: CheckRoute Behavior ::run [ RunTime:0.001870s ]
INFO: [ route_check ] --END-- [ RunTime:0.002011s ]
INFO: [ app_begin ] --START--
INFO: ReadHtmlCache Behavior ::run [ RunTime:0.001813s ]
INFO: [ app_begin ] --END-- [ RunTime:0.001954s ]

[ 2014-01-08T13:43:46+08:00 ] 127.0.0.1 /index.php/Home/Index/index.html
INFO: [ route_check ] --START--
INFO: CheckRoute Behavior ::run [ RunTime:0.001026s ]
INFO: [ route_check ] --END-- [ RunTime:0.001142s ]
INFO: [ app_begin ] --START--
INFO: ReadHtmlCache Behavior ::run [ RunTime:0.000789s ]
INFO: [ app_begin ] --END-- [ RunTime:0.000915s ]
INFO: [ view_parse ] --START--
INFO: ParseTemplate Behavior ::run [ RunTime:0.021989s ]
INFO: [ view_parse ] --END-- [ RunTime:0.022113s ]
INFO: [ view_filter ] --START--
INFO: ContentReplace Behavior ::run [ RunTime:0.000996s ]
INFO: TokenBuild Behavior ::run [ RunTime:0.000943s ]
INFO: WriteHtmlCache Behavior ::run [ RunTime:0.000780s ]
INFO: ShowRuntime Behavior ::run [ RunTime:0.001152s ]
INFO: [ view_filter ] --END-- [ RunTime:0.004100s ]
INFO: [ view_end ] --START--
INFO: ShowPageTrace Behavior ::run [ RunTime:0.001210s ]
INFO: [ view_end ] --END-- [ RunTime:0.001288s ]

[ 2014-01-08T13:43:46+08:00 ] 127.0.0.1 /index.php/Home/Index/verify.html
INFO: [ route_check ] --START--
INFO: CheckRoute Behavior ::run [ RunTime:0.001057s ]
INFO: [ route_check ] --END-- [ RunTime:0.001177s ]
INFO: [ app_begin ] --START--
INFO: ReadHtmlCache Behavior ::run [ RunTime:0.000993s ]
INFO: [ app_begin ] --END-- [ RunTime:0.001121s ]

[ 2014-01-08T13:43:53+08:00 ] 127.0.0.1 /index.php/Home/Index/province.html
INFO: [ route_check ] --START--
INFO: CheckRoute Behavior ::run [ RunTime:0.001622s ]
INFO: [ route_check ] --END-- [ RunTime:0.001790s ]
INFO: [ app_begin ] --START--
INFO: ReadHtmlCache Behavior ::run [ RunTime:0.000833s ]
INFO: [ app_begin ] --END-- [ RunTime:0.000943s ]
ERR: 非法操作:province

[ 2014-01-08T13:46:52+08:00 ] 127.0.0.1 /
INFO: [ app_begin ] --START--
INFO: ReadHtmlCache Behavior ::run [ RunTime:0.001190s ]
INFO: [ app_begin ] --END-- [ RunTime:0.001309s ]
INFO: [ view_parse ] --START--
INFO: ParseTemplate Behavior ::run [ RunTime:0.015042s ]
INFO: [ view_parse ] --END-- [ RunTime:0.015163s ]
INFO: [ view_filter ] --START--
INFO: ContentReplace Behavior ::run [ RunTime:0.001057s ]
INFO: TokenBuild Behavior ::run [ RunTime:0.000939s ]
INFO: WriteHtmlCache Behavior ::run [ RunTime:0.000801s ]
INFO: ShowRuntime Behavior ::run [ RunTime:0.001241s ]
INFO: [ view_filter ] --END-- [ RunTime:0.004294s ]
INFO: [ view_end ] --START--
INFO: ShowPageTrace Behavior ::run [ RunTime:0.001788s ]
INFO: [ view_end ] --END-- [ RunTime:0.001903s ]

[ 2014-01-08T13:46:52+08:00 ] 127.0.0.1 /index.php/Home/Index/verify.html
INFO: [ route_check ] --START--
INFO: CheckRoute Behavior ::run [ RunTime:0.002467s ]
INFO: [ route_check ] --END-- [ RunTime:0.002661s ]
INFO: [ app_begin ] --START--
INFO: ReadHtmlCache Behavior ::run [ RunTime:0.000961s ]
INFO: [ app_begin ] --END-- [ RunTime:0.001122s ]

[ 2014-01-08T13:47:03+08:00 ] 127.0.0.1 /index.php/Admin/Index/verify/2014%E5%B9%B41%E6%9C%888%E6%97%A5%20%E4%B8%8B%E5%8D%881:47:03
INFO: [ route_check ] --START--
INFO: CheckRoute Behavior ::run [ RunTime:0.001817s ]
INFO: [ route_check ] --END-- [ RunTime:0.001971s ]
INFO: [ app_begin ] --START--
INFO: ReadHtmlCache Behavior ::run [ RunTime:0.001235s ]
INFO: [ app_begin ] --END-- [ RunTime:0.001351s ]

[ 2014-01-08T13:47:07+08:00 ] 127.0.0.1 /index.php/Home/Index/login.html
INFO: [ route_check ] --START--
INFO: CheckRoute Behavior ::run [ RunTime:0.001205s ]
INFO: [ route_check ] --END-- [ RunTime:0.001334s ]
INFO: [ app_begin ] --START--
INFO: ReadHtmlCache Behavior ::run [ RunTime:0.000682s ]
INFO: [ app_begin ] --END-- [ RunTime:0.000771s ]
SQL: SHOW COLUMNS FROM `user` [ RunTime:0.014548s ]
SQL: SELECT * FROM `user` WHERE ( `username` = 'city' ) LIMIT 1   [ RunTime:0.012364s ]
SQL: UPDATE `user` SET `current_login_time`='2014-01-08 13:47:07',`current_login_ip`='127.0.0.1' WHERE ( `user_id` = 3 ) [ RunTime:0.006333s ]

[ 2014-01-08T13:47:07+08:00 ] 127.0.0.1 /index.php/Home/Login/city.html
INFO: [ route_check ] --START--
INFO: CheckRoute Behavior ::run [ RunTime:0.001618s ]
INFO: [ route_check ] --END-- [ RunTime:0.001773s ]
INFO: [ app_begin ] --START--
INFO: ReadHtmlCache Behavior ::run [ RunTime:0.001007s ]
INFO: [ app_begin ] --END-- [ RunTime:0.001251s ]
INFO: [ view_parse ] --START--
INFO: ParseTemplate Behavior ::run [ RunTime:0.022210s ]
INFO: [ view_parse ] --END-- [ RunTime:0.022381s ]
INFO: [ view_filter ] --START--
INFO: ContentReplace Behavior ::run [ RunTime:0.001393s ]
INFO: TokenBuild Behavior ::run [ RunTime:0.001425s ]
INFO: WriteHtmlCache Behavior ::run [ RunTime:0.001250s ]
INFO: ShowRuntime Behavior ::run [ RunTime:0.002004s ]
INFO: [ view_filter ] --END-- [ RunTime:0.006614s ]
INFO: [ view_end ] --START--
INFO: ShowPageTrace Behavior ::run [ RunTime:0.001889s ]
INFO: [ view_end ] --END-- [ RunTime:0.002009s ]

