[ 2014-01-06T10:33:22+08:00 ] 127.0.0.1 /waste/
INFO: [ app_begin ] --START--
INFO: ReadHtmlCache Behavior ::run [ RunTime:0.001645s ]
INFO: [ app_begin ] --END-- [ RunTime:0.001769s ]
INFO: [ view_parse ] --START--
INFO: ParseTemplate Behavior ::run [ RunTime:0.024789s ]
INFO: [ view_parse ] --END-- [ RunTime:0.024918s ]
INFO: [ view_filter ] --START--
INFO: ContentReplace Behavior ::run [ RunTime:0.000967s ]
INFO: TokenBuild Behavior ::run [ RunTime:0.000866s ]
INFO: WriteHtmlCache Behavior ::run [ RunTime:0.000766s ]
INFO: ShowRuntime Behavior ::run [ RunTime:0.001024s ]
INFO: [ view_filter ] --END-- [ RunTime:0.003838s ]
INFO: [ view_end ] --START--
INFO: ShowPageTrace Behavior ::run [ RunTime:0.001675s ]
INFO: [ view_end ] --END-- [ RunTime:0.001768s ]

[ 2014-01-06T10:33:22+08:00 ] 127.0.0.1 /waste/index.php/Home/Index/verify.html
INFO: [ route_check ] --START--
INFO: CheckRoute Behavior ::run [ RunTime:0.002585s ]
INFO: [ route_check ] --END-- [ RunTime:0.002789s ]
INFO: [ app_begin ] --START--
INFO: ReadHtmlCache Behavior ::run [ RunTime:0.002070s ]
INFO: [ app_begin ] --END-- [ RunTime:0.002259s ]

[ 2014-01-06T10:33:30+08:00 ] 127.0.0.1 /waste/index.php/Home/Index/login.html
INFO: [ route_check ] --START--
INFO: CheckRoute Behavior ::run [ RunTime:0.001892s ]
INFO: [ route_check ] --END-- [ RunTime:0.002053s ]
INFO: [ app_begin ] --START--
INFO: ReadHtmlCache Behavior ::run [ RunTime:0.001355s ]
INFO: [ app_begin ] --END-- [ RunTime:0.001497s ]
SQL: SHOW COLUMNS FROM `user` [ RunTime:0.001779s ]
SQL: SELECT * FROM `user` WHERE ( `username` = 'city' ) LIMIT 1   [ RunTime:0.001282s ]
SQL: UPDATE `user` SET `logintime`='2014-01-06 10:33:30',`loginip`='127.0.0.1' WHERE ( `user_id` = 1 ) [ RunTime:0.003651s ]

[ 2014-01-06T10:33:30+08:00 ] 127.0.0.1 /waste/index.php/Home/Login/city.html
INFO: [ route_check ] --START--
INFO: CheckRoute Behavior ::run [ RunTime:0.001418s ]
INFO: [ route_check ] --END-- [ RunTime:0.001573s ]
INFO: [ app_begin ] --START--
INFO: ReadHtmlCache Behavior ::run [ RunTime:0.001190s ]
INFO: [ app_begin ] --END-- [ RunTime:0.001362s ]
NOTIC: [8] Constant THEME_NAME already defined D:\GitLab\waste\ThinkPHP\Lib\Core\View.class.php 第 223 行.
NOTIC: [8] Constant THEME_PATH already defined D:\GitLab\waste\ThinkPHP\Lib\Core\View.class.php 第 174 行.
NOTIC: [8] Constant APP_TMPL_PATH already defined D:\GitLab\waste\ThinkPHP\Lib\Core\View.class.php 第 175 行.
INFO: [ view_parse ] --START--
INFO: ParseTemplate Behavior ::run [ RunTime:0.036151s ]
INFO: [ view_parse ] --END-- [ RunTime:0.036313s ]
INFO: [ view_filter ] --START--
INFO: ContentReplace Behavior ::run [ RunTime:0.001146s ]
INFO: TokenBuild Behavior ::run [ RunTime:0.001765s ]
INFO: WriteHtmlCache Behavior ::run [ RunTime:0.001496s ]
INFO: ShowRuntime Behavior ::run [ RunTime:0.001751s ]
INFO: [ view_filter ] --END-- [ RunTime:0.006662s ]
INFO: [ view_end ] --START--
INFO: ShowPageTrace Behavior ::run [ RunTime:0.002156s ]
INFO: [ view_end ] --END-- [ RunTime:0.002324s ]

[ 2014-01-06T10:34:01+08:00 ] 127.0.0.1 /waste/index.php/Home/Login/city.html
INFO: [ route_check ] --START--
INFO: CheckRoute Behavior ::run [ RunTime:0.001553s ]
INFO: [ route_check ] --END-- [ RunTime:0.001676s ]
INFO: [ app_begin ] --START--
INFO: ReadHtmlCache Behavior ::run [ RunTime:0.001224s ]
INFO: [ app_begin ] --END-- [ RunTime:0.001320s ]
NOTIC: [8] Constant THEME_NAME already defined D:\GitLab\waste\ThinkPHP\Lib\Core\View.class.php 第 223 行.
NOTIC: [8] Constant THEME_PATH already defined D:\GitLab\waste\ThinkPHP\Lib\Core\View.class.php 第 174 行.
NOTIC: [8] Constant APP_TMPL_PATH already defined D:\GitLab\waste\ThinkPHP\Lib\Core\View.class.php 第 175 行.
INFO: [ view_parse ] --START--
INFO: ParseTemplate Behavior ::run [ RunTime:0.023908s ]
INFO: [ view_parse ] --END-- [ RunTime:0.024021s ]
INFO: [ view_filter ] --START--
INFO: ContentReplace Behavior ::run [ RunTime:0.001166s ]
INFO: TokenBuild Behavior ::run [ RunTime:0.001218s ]
INFO: WriteHtmlCache Behavior ::run [ RunTime:0.000804s ]
INFO: ShowRuntime Behavior ::run [ RunTime:0.001107s ]
INFO: [ view_filter ] --END-- [ RunTime:0.004583s ]
INFO: [ view_end ] --START--
INFO: ShowPageTrace Behavior ::run [ RunTime:0.001395s ]
INFO: [ view_end ] --END-- [ RunTime:0.001510s ]

[ 2014-01-06T10:34:04+08:00 ] 127.0.0.1 /waste/index.php/Home/Login/city.html
INFO: [ route_check ] --START--
INFO: CheckRoute Behavior ::run [ RunTime:0.001114s ]
INFO: [ route_check ] --END-- [ RunTime:0.001242s ]
INFO: [ app_begin ] --START--
INFO: ReadHtmlCache Behavior ::run [ RunTime:0.000711s ]
INFO: [ app_begin ] --END-- [ RunTime:0.000793s ]
NOTIC: [8] Constant THEME_NAME already defined D:\GitLab\waste\ThinkPHP\Lib\Core\View.class.php 第 223 行.
NOTIC: [8] Constant THEME_PATH already defined D:\GitLab\waste\ThinkPHP\Lib\Core\View.class.php 第 174 行.
NOTIC: [8] Constant APP_TMPL_PATH already defined D:\GitLab\waste\ThinkPHP\Lib\Core\View.class.php 第 175 行.
INFO: [ view_parse ] --START--
INFO: ParseTemplate Behavior ::run [ RunTime:0.010950s ]
INFO: [ view_parse ] --END-- [ RunTime:0.011063s ]
INFO: [ view_filter ] --START--
INFO: ContentReplace Behavior ::run [ RunTime:0.000453s ]
INFO: TokenBuild Behavior ::run [ RunTime:0.000446s ]
INFO: WriteHtmlCache Behavior ::run [ RunTime:0.000283s ]
INFO: ShowRuntime Behavior ::run [ RunTime:0.000937s ]
INFO: [ view_filter ] --END-- [ RunTime:0.002348s ]
INFO: [ view_end ] --START--
INFO: ShowPageTrace Behavior ::run [ RunTime:0.002202s ]
INFO: [ view_end ] --END-- [ RunTime:0.002338s ]

[ 2014-01-06T10:34:05+08:00 ] 127.0.0.1 /waste/index.php/Home/Login/city.html
INFO: [ route_check ] --START--
INFO: CheckRoute Behavior ::run [ RunTime:0.001142s ]
INFO: [ route_check ] --END-- [ RunTime:0.001259s ]
INFO: [ app_begin ] --START--
INFO: ReadHtmlCache Behavior ::run [ RunTime:0.000691s ]
INFO: [ app_begin ] --END-- [ RunTime:0.000770s ]
NOTIC: [8] Constant THEME_NAME already defined D:\GitLab\waste\ThinkPHP\Lib\Core\View.class.php 第 223 行.
NOTIC: [8] Constant THEME_PATH already defined D:\GitLab\waste\ThinkPHP\Lib\Core\View.class.php 第 174 行.
NOTIC: [8] Constant APP_TMPL_PATH already defined D:\GitLab\waste\ThinkPHP\Lib\Core\View.class.php 第 175 行.
INFO: [ view_parse ] --START--
INFO: ParseTemplate Behavior ::run [ RunTime:0.022701s ]
INFO: [ view_parse ] --END-- [ RunTime:0.022814s ]
INFO: [ view_filter ] --START--
INFO: ContentReplace Behavior ::run [ RunTime:0.000889s ]
INFO: TokenBuild Behavior ::run [ RunTime:0.000871s ]
INFO: WriteHtmlCache Behavior ::run [ RunTime:0.000707s ]
INFO: ShowRuntime Behavior ::run [ RunTime:0.000965s ]
INFO: [ view_filter ] --END-- [ RunTime:0.003645s ]
INFO: [ view_end ] --START--
INFO: ShowPageTrace Behavior ::run [ RunTime:0.001140s ]
INFO: [ view_end ] --END-- [ RunTime:0.001215s ]

[ 2014-01-06T10:46:00+08:00 ] 127.0.0.1 /waste/index.php/Home/Login/city.html
INFO: [ route_check ] --START--
INFO: CheckRoute Behavior ::run [ RunTime:0.003100s ]
INFO: [ route_check ] --END-- [ RunTime:0.003312s ]
INFO: [ app_begin ] --START--
INFO: ReadHtmlCache Behavior ::run [ RunTime:0.003438s ]
INFO: [ app_begin ] --END-- [ RunTime:0.003632s ]
NOTIC: [8] Constant THEME_NAME already defined D:\GitLab\waste\ThinkPHP\Lib\Core\View.class.php 第 223 行.
NOTIC: [8] Constant THEME_PATH already defined D:\GitLab\waste\ThinkPHP\Lib\Core\View.class.php 第 174 行.
NOTIC: [8] Constant APP_TMPL_PATH already defined D:\GitLab\waste\ThinkPHP\Lib\Core\View.class.php 第 175 行.
INFO: [ view_parse ] --START--
INFO: ParseTemplate Behavior ::run [ RunTime:0.019585s ]
INFO: [ view_parse ] --END-- [ RunTime:0.019761s ]
INFO: [ view_filter ] --START--
INFO: ContentReplace Behavior ::run [ RunTime:0.001843s ]
INFO: TokenBuild Behavior ::run [ RunTime:0.001809s ]
INFO: WriteHtmlCache Behavior ::run [ RunTime:0.001281s ]
INFO: ShowRuntime Behavior ::run [ RunTime:0.002700s ]
INFO: [ view_filter ] --END-- [ RunTime:0.008019s ]
INFO: [ view_end ] --START--
INFO: ShowPageTrace Behavior ::run [ RunTime:0.002044s ]
INFO: [ view_end ] --END-- [ RunTime:0.002150s ]

[ 2014-01-06T10:50:46+08:00 ] 127.0.0.1 /waste/
INFO: [ app_begin ] --START--
INFO: ReadHtmlCache Behavior ::run [ RunTime:0.001684s ]
INFO: [ app_begin ] --END-- [ RunTime:0.001827s ]
INFO: [ view_parse ] --START--
INFO: ParseTemplate Behavior ::run [ RunTime:0.017583s ]
INFO: [ view_parse ] --END-- [ RunTime:0.017773s ]
INFO: [ view_filter ] --START--
INFO: ContentReplace Behavior ::run [ RunTime:0.001370s ]
INFO: TokenBuild Behavior ::run [ RunTime:0.001295s ]
INFO: WriteHtmlCache Behavior ::run [ RunTime:0.000968s ]
INFO: ShowRuntime Behavior ::run [ RunTime:0.000986s ]
INFO: [ view_filter ] --END-- [ RunTime:0.004923s ]
INFO: [ view_end ] --START--
INFO: ShowPageTrace Behavior ::run [ RunTime:0.001435s ]
INFO: [ view_end ] --END-- [ RunTime:0.001532s ]

[ 2014-01-06T10:50:47+08:00 ] 127.0.0.1 /waste/index.php/Home/Index/verify.html
INFO: [ route_check ] --START--
INFO: CheckRoute Behavior ::run [ RunTime:0.002391s ]
INFO: [ route_check ] --END-- [ RunTime:0.002582s ]
INFO: [ app_begin ] --START--
INFO: ReadHtmlCache Behavior ::run [ RunTime:0.001009s ]
INFO: [ app_begin ] --END-- [ RunTime:0.001133s ]

[ 2014-01-06T10:51:32+08:00 ] 127.0.0.1 /waste/
INFO: [ app_begin ] --START--
INFO: ReadHtmlCache Behavior ::run [ RunTime:0.001814s ]
INFO: [ app_begin ] --END-- [ RunTime:0.002039s ]
INFO: [ view_parse ] --START--
INFO: ParseTemplate Behavior ::run [ RunTime:0.021689s ]
INFO: [ view_parse ] --END-- [ RunTime:0.021901s ]
INFO: [ view_filter ] --START--
INFO: ContentReplace Behavior ::run [ RunTime:0.001984s ]
INFO: TokenBuild Behavior ::run [ RunTime:0.001975s ]
INFO: WriteHtmlCache Behavior ::run [ RunTime:0.001290s ]
INFO: ShowRuntime Behavior ::run [ RunTime:0.002911s ]
INFO: [ view_filter ] --END-- [ RunTime:0.008977s ]
INFO: [ view_end ] --START--
INFO: ShowPageTrace Behavior ::run [ RunTime:0.001999s ]
INFO: [ view_end ] --END-- [ RunTime:0.002170s ]

[ 2014-01-06T10:51:32+08:00 ] 127.0.0.1 /waste/index.php/Home/Index/verify.html
INFO: [ route_check ] --START--
INFO: CheckRoute Behavior ::run [ RunTime:0.002769s ]
INFO: [ route_check ] --END-- [ RunTime:0.002985s ]
INFO: [ app_begin ] --START--
INFO: ReadHtmlCache Behavior ::run [ RunTime:0.001972s ]
INFO: [ app_begin ] --END-- [ RunTime:0.002216s ]

[ 2014-01-06T10:52:23+08:00 ] 127.0.0.1 /waste/
INFO: [ app_begin ] --START--
INFO: ReadHtmlCache Behavior ::run [ RunTime:0.001306s ]
INFO: [ app_begin ] --END-- [ RunTime:0.001448s ]
INFO: [ view_parse ] --START--
INFO: ParseTemplate Behavior ::run [ RunTime:0.025158s ]
INFO: [ view_parse ] --END-- [ RunTime:0.025295s ]
INFO: [ view_filter ] --START--
INFO: ContentReplace Behavior ::run [ RunTime:0.000899s ]
INFO: TokenBuild Behavior ::run [ RunTime:0.001027s ]
INFO: WriteHtmlCache Behavior ::run [ RunTime:0.000690s ]
INFO: ShowRuntime Behavior ::run [ RunTime:0.000980s ]
INFO: [ view_filter ] --END-- [ RunTime:0.003811s ]
INFO: [ view_end ] --START--
INFO: ShowPageTrace Behavior ::run [ RunTime:0.001588s ]
INFO: [ view_end ] --END-- [ RunTime:0.001682s ]

[ 2014-01-06T10:52:23+08:00 ] 127.0.0.1 /waste/index.php/Home/Index/verify.html
INFO: [ route_check ] --START--
INFO: CheckRoute Behavior ::run [ RunTime:0.001728s ]
INFO: [ route_check ] --END-- [ RunTime:0.001941s ]
INFO: [ app_begin ] --START--
INFO: ReadHtmlCache Behavior ::run [ RunTime:0.001353s ]
INFO: [ app_begin ] --END-- [ RunTime:0.001544s ]

[ 2014-01-06T10:52:48+08:00 ] 127.0.0.1 /waste/
INFO: [ app_begin ] --START--
INFO: ReadHtmlCache Behavior ::run [ RunTime:0.001690s ]
INFO: [ app_begin ] --END-- [ RunTime:0.001979s ]
INFO: [ view_parse ] --START--
INFO: ParseTemplate Behavior ::run [ RunTime:0.026177s ]
INFO: [ view_parse ] --END-- [ RunTime:0.026370s ]
INFO: [ view_filter ] --START--
INFO: ContentReplace Behavior ::run [ RunTime:0.001455s ]
INFO: TokenBuild Behavior ::run [ RunTime:0.001008s ]
INFO: WriteHtmlCache Behavior ::run [ RunTime:0.000956s ]
INFO: ShowRuntime Behavior ::run [ RunTime:0.001458s ]
INFO: [ view_filter ] --END-- [ RunTime:0.005236s ]
INFO: [ view_end ] --START--
INFO: ShowPageTrace Behavior ::run [ RunTime:0.001819s ]
INFO: [ view_end ] --END-- [ RunTime:0.001965s ]

[ 2014-01-06T10:52:48+08:00 ] 127.0.0.1 /waste/index.php/Home/Index/verify.html
INFO: [ route_check ] --START--
INFO: CheckRoute Behavior ::run [ RunTime:0.001722s ]
INFO: [ route_check ] --END-- [ RunTime:0.001940s ]
INFO: [ app_begin ] --START--
INFO: ReadHtmlCache Behavior ::run [ RunTime:0.001145s ]
INFO: [ app_begin ] --END-- [ RunTime:0.001335s ]

[ 2014-01-06T11:02:00+08:00 ] 127.0.0.1 /waste/index.php/Home/Index/login.html
INFO: [ route_check ] --START--
INFO: CheckRoute Behavior ::run [ RunTime:0.002472s ]
INFO: [ route_check ] --END-- [ RunTime:0.002688s ]
INFO: [ app_begin ] --START--
INFO: ReadHtmlCache Behavior ::run [ RunTime:0.001397s ]
INFO: [ app_begin ] --END-- [ RunTime:0.001528s ]
SQL: SHOW COLUMNS FROM `user` [ RunTime:0.001885s ]
SQL: SELECT * FROM `user` WHERE ( `username` = 'city' ) LIMIT 1   [ RunTime:0.001384s ]
SQL: UPDATE `user` SET `logintime`='2014-01-06 11:02:00',`loginip`='127.0.0.1' WHERE ( `user_id` = 1 ) [ RunTime:0.003857s ]

[ 2014-01-06T11:02:00+08:00 ] 127.0.0.1 /waste/index.php/Home/Login/city.html
INFO: [ route_check ] --START--
INFO: CheckRoute Behavior ::run [ RunTime:0.001220s ]
INFO: [ route_check ] --END-- [ RunTime:0.001361s ]
INFO: [ app_begin ] --START--
INFO: ReadHtmlCache Behavior ::run [ RunTime:0.000993s ]
INFO: [ app_begin ] --END-- [ RunTime:0.001145s ]
NOTIC: [8] Constant THEME_NAME already defined D:\GitLab\waste\ThinkPHP\Lib\Core\View.class.php 第 223 行.
NOTIC: [8] Constant THEME_PATH already defined D:\GitLab\waste\ThinkPHP\Lib\Core\View.class.php 第 174 行.
NOTIC: [8] Constant APP_TMPL_PATH already defined D:\GitLab\waste\ThinkPHP\Lib\Core\View.class.php 第 175 行.
INFO: [ view_parse ] --START--
INFO: ParseTemplate Behavior ::run [ RunTime:0.018810s ]
INFO: [ view_parse ] --END-- [ RunTime:0.018963s ]
INFO: [ view_filter ] --START--
INFO: ContentReplace Behavior ::run [ RunTime:0.001450s ]
INFO: TokenBuild Behavior ::run [ RunTime:0.001366s ]
INFO: WriteHtmlCache Behavior ::run [ RunTime:0.001167s ]
INFO: ShowRuntime Behavior ::run [ RunTime:0.001528s ]
INFO: [ view_filter ] --END-- [ RunTime:0.005913s ]
INFO: [ view_end ] --START--
INFO: ShowPageTrace Behavior ::run [ RunTime:0.001928s ]
INFO: [ view_end ] --END-- [ RunTime:0.002116s ]

[ 2014-01-06T11:02:20+08:00 ] 127.0.0.1 /waste/index.php/Home/Login/city.html
INFO: [ route_check ] --START--
INFO: CheckRoute Behavior ::run [ RunTime:0.001437s ]
INFO: [ route_check ] --END-- [ RunTime:0.001554s ]
INFO: [ app_begin ] --START--
INFO: ReadHtmlCache Behavior ::run [ RunTime:0.001568s ]
INFO: [ app_begin ] --END-- [ RunTime:0.001713s ]
NOTIC: [8] Constant THEME_NAME already defined D:\GitLab\waste\ThinkPHP\Lib\Core\View.class.php 第 223 行.
NOTIC: [8] Constant THEME_PATH already defined D:\GitLab\waste\ThinkPHP\Lib\Core\View.class.php 第 174 行.
NOTIC: [8] Constant APP_TMPL_PATH already defined D:\GitLab\waste\ThinkPHP\Lib\Core\View.class.php 第 175 行.
INFO: [ view_parse ] --START--
INFO: ParseTemplate Behavior ::run [ RunTime:0.017251s ]
INFO: [ view_parse ] --END-- [ RunTime:0.017391s ]
INFO: [ view_filter ] --START--
INFO: ContentReplace Behavior ::run [ RunTime:0.002100s ]
INFO: TokenBuild Behavior ::run [ RunTime:0.000932s ]
INFO: WriteHtmlCache Behavior ::run [ RunTime:0.000718s ]
INFO: ShowRuntime Behavior ::run [ RunTime:0.000962s ]
INFO: [ view_filter ] --END-- [ RunTime:0.004987s ]
INFO: [ view_end ] --START--
INFO: ShowPageTrace Behavior ::run [ RunTime:0.001142s ]
INFO: [ view_end ] --END-- [ RunTime:0.001225s ]

[ 2014-01-06T11:02:47+08:00 ] 127.0.0.1 /waste/index.php/Home/Login/city.html
INFO: [ route_check ] --START--
INFO: CheckRoute Behavior ::run [ RunTime:0.001762s ]
INFO: [ route_check ] --END-- [ RunTime:0.001899s ]
INFO: [ app_begin ] --START--
INFO: ReadHtmlCache Behavior ::run [ RunTime:0.001616s ]
INFO: [ app_begin ] --END-- [ RunTime:0.001754s ]
NOTIC: [8] Constant THEME_NAME already defined D:\GitLab\waste\ThinkPHP\Lib\Core\View.class.php 第 223 行.
NOTIC: [8] Constant THEME_PATH already defined D:\GitLab\waste\ThinkPHP\Lib\Core\View.class.php 第 174 行.
NOTIC: [8] Constant APP_TMPL_PATH already defined D:\GitLab\waste\ThinkPHP\Lib\Core\View.class.php 第 175 行.
INFO: [ view_parse ] --START--
INFO: ParseTemplate Behavior ::run [ RunTime:0.016905s ]
INFO: [ view_parse ] --END-- [ RunTime:0.017060s ]
INFO: [ view_filter ] --START--
INFO: ContentReplace Behavior ::run [ RunTime:0.001570s ]
INFO: TokenBuild Behavior ::run [ RunTime:0.001201s ]
INFO: WriteHtmlCache Behavior ::run [ RunTime:0.001036s ]
INFO: ShowRuntime Behavior ::run [ RunTime:0.001616s ]
INFO: [ view_filter ] --END-- [ RunTime:0.005856s ]
INFO: [ view_end ] --START--
INFO: ShowPageTrace Behavior ::run [ RunTime:0.001989s ]
INFO: [ view_end ] --END-- [ RunTime:0.002141s ]

[ 2014-01-06T11:08:44+08:00 ] 127.0.0.1 /waste/index.php/Home/Login/city.html
INFO: [ route_check ] --START--
INFO: CheckRoute Behavior ::run [ RunTime:0.002245s ]
INFO: [ route_check ] --END-- [ RunTime:0.002454s ]
INFO: [ app_begin ] --START--
INFO: ReadHtmlCache Behavior ::run [ RunTime:0.001958s ]
INFO: [ app_begin ] --END-- [ RunTime:0.002145s ]
NOTIC: [8] Constant THEME_NAME already defined D:\GitLab\waste\ThinkPHP\Lib\Core\View.class.php 第 223 行.
NOTIC: [8] Constant THEME_PATH already defined D:\GitLab\waste\ThinkPHP\Lib\Core\View.class.php 第 174 行.
NOTIC: [8] Constant APP_TMPL_PATH already defined D:\GitLab\waste\ThinkPHP\Lib\Core\View.class.php 第 175 行.
INFO: [ view_parse ] --START--
INFO: ParseTemplate Behavior ::run [ RunTime:0.016102s ]
INFO: [ view_parse ] --END-- [ RunTime:0.016279s ]
INFO: [ view_filter ] --START--
INFO: ContentReplace Behavior ::run [ RunTime:0.001492s ]
INFO: TokenBuild Behavior ::run [ RunTime:0.001444s ]
INFO: WriteHtmlCache Behavior ::run [ RunTime:0.001574s ]
INFO: ShowRuntime Behavior ::run [ RunTime:0.001749s ]
INFO: [ view_filter ] --END-- [ RunTime:0.006681s ]
INFO: [ view_end ] --START--
INFO: ShowPageTrace Behavior ::run [ RunTime:0.001866s ]
INFO: [ view_end ] --END-- [ RunTime:0.001996s ]

[ 2014-01-06T11:09:02+08:00 ] 127.0.0.1 /waste/index.php/Home/Login/city.html
INFO: [ route_check ] --START--
INFO: CheckRoute Behavior ::run [ RunTime:0.002158s ]
INFO: [ route_check ] --END-- [ RunTime:0.002340s ]
INFO: [ app_begin ] --START--
INFO: ReadHtmlCache Behavior ::run [ RunTime:0.001527s ]
INFO: [ app_begin ] --END-- [ RunTime:0.001717s ]
NOTIC: [8] Constant THEME_NAME already defined D:\GitLab\waste\ThinkPHP\Lib\Core\View.class.php 第 223 行.
NOTIC: [8] Constant THEME_PATH already defined D:\GitLab\waste\ThinkPHP\Lib\Core\View.class.php 第 174 行.
NOTIC: [8] Constant APP_TMPL_PATH already defined D:\GitLab\waste\ThinkPHP\Lib\Core\View.class.php 第 175 行.
INFO: [ view_parse ] --START--
INFO: ParseTemplate Behavior ::run [ RunTime:0.016881s ]
INFO: [ view_parse ] --END-- [ RunTime:0.017031s ]
INFO: [ view_filter ] --START--
INFO: ContentReplace Behavior ::run [ RunTime:0.001408s ]
INFO: TokenBuild Behavior ::run [ RunTime:0.001364s ]
INFO: WriteHtmlCache Behavior ::run [ RunTime:0.001100s ]
INFO: ShowRuntime Behavior ::run [ RunTime:0.001479s ]
INFO: [ view_filter ] --END-- [ RunTime:0.005750s ]
INFO: [ view_end ] --START--
INFO: ShowPageTrace Behavior ::run [ RunTime:0.001491s ]
INFO: [ view_end ] --END-- [ RunTime:0.001600s ]

[ 2014-01-06T11:09:14+08:00 ] 127.0.0.1 /waste/index.php/Home/Login/city.html
INFO: [ route_check ] --START--
INFO: CheckRoute Behavior ::run [ RunTime:0.002898s ]
INFO: [ route_check ] --END-- [ RunTime:0.003068s ]
INFO: [ app_begin ] --START--
INFO: ReadHtmlCache Behavior ::run [ RunTime:0.001682s ]
INFO: [ app_begin ] --END-- [ RunTime:0.001845s ]
NOTIC: [8] Constant THEME_NAME already defined D:\GitLab\waste\ThinkPHP\Lib\Core\View.class.php 第 223 行.
NOTIC: [8] Constant THEME_PATH already defined D:\GitLab\waste\ThinkPHP\Lib\Core\View.class.php 第 174 行.
NOTIC: [8] Constant APP_TMPL_PATH already defined D:\GitLab\waste\ThinkPHP\Lib\Core\View.class.php 第 175 行.
INFO: [ view_parse ] --START--
INFO: ParseTemplate Behavior ::run [ RunTime:0.017175s ]
INFO: [ view_parse ] --END-- [ RunTime:0.017295s ]
INFO: [ view_filter ] --START--
INFO: ContentReplace Behavior ::run [ RunTime:0.000961s ]
INFO: TokenBuild Behavior ::run [ RunTime:0.001537s ]
INFO: WriteHtmlCache Behavior ::run [ RunTime:0.000977s ]
INFO: ShowRuntime Behavior ::run [ RunTime:0.001762s ]
INFO: [ view_filter ] --END-- [ RunTime:0.005563s ]
INFO: [ view_end ] --START--
INFO: ShowPageTrace Behavior ::run [ RunTime:0.001365s ]
INFO: [ view_end ] --END-- [ RunTime:0.001469s ]

[ 2014-01-06T11:09:43+08:00 ] 127.0.0.1 /waste/index.php/Home/Login/city.html
INFO: [ route_check ] --START--
INFO: CheckRoute Behavior ::run [ RunTime:0.001403s ]
INFO: [ route_check ] --END-- [ RunTime:0.001547s ]
INFO: [ app_begin ] --START--
INFO: ReadHtmlCache Behavior ::run [ RunTime:0.001017s ]
INFO: [ app_begin ] --END-- [ RunTime:0.001149s ]
NOTIC: [8] Constant THEME_NAME already defined D:\GitLab\waste\ThinkPHP\Lib\Core\View.class.php 第 223 行.
NOTIC: [8] Constant THEME_PATH already defined D:\GitLab\waste\ThinkPHP\Lib\Core\View.class.php 第 174 行.
NOTIC: [8] Constant APP_TMPL_PATH already defined D:\GitLab\waste\ThinkPHP\Lib\Core\View.class.php 第 175 行.
INFO: [ view_parse ] --START--
INFO: ParseTemplate Behavior ::run [ RunTime:0.017846s ]
INFO: [ view_parse ] --END-- [ RunTime:0.018006s ]
INFO: [ view_filter ] --START--
INFO: ContentReplace Behavior ::run [ RunTime:0.000804s ]
INFO: TokenBuild Behavior ::run [ RunTime:0.000726s ]
INFO: WriteHtmlCache Behavior ::run [ RunTime:0.000405s ]
INFO: ShowRuntime Behavior ::run [ RunTime:0.000685s ]
INFO: [ view_filter ] --END-- [ RunTime:0.003402s ]
INFO: [ view_end ] --START--
INFO: ShowPageTrace Behavior ::run [ RunTime:0.001023s ]
INFO: [ view_end ] --END-- [ RunTime:0.001143s ]

[ 2014-01-06T11:16:18+08:00 ] 127.0.0.1 /waste/index.php/Home/Login/city.html
INFO: [ route_check ] --START--
INFO: CheckRoute Behavior ::run [ RunTime:0.001757s ]
INFO: [ route_check ] --END-- [ RunTime:0.001898s ]
INFO: [ app_begin ] --START--
INFO: ReadHtmlCache Behavior ::run [ RunTime:0.001404s ]
INFO: [ app_begin ] --END-- [ RunTime:0.001531s ]
NOTIC: [8] Constant THEME_NAME already defined D:\GitLab\waste\ThinkPHP\Lib\Core\View.class.php 第 223 行.
NOTIC: [8] Constant THEME_PATH already defined D:\GitLab\waste\ThinkPHP\Lib\Core\View.class.php 第 174 行.
NOTIC: [8] Constant APP_TMPL_PATH already defined D:\GitLab\waste\ThinkPHP\Lib\Core\View.class.php 第 175 行.
INFO: [ view_parse ] --START--
INFO: ParseTemplate Behavior ::run [ RunTime:0.017058s ]
INFO: [ view_parse ] --END-- [ RunTime:0.017179s ]
INFO: [ view_filter ] --START--
INFO: ContentReplace Behavior ::run [ RunTime:0.002214s ]
INFO: TokenBuild Behavior ::run [ RunTime:0.001374s ]
INFO: WriteHtmlCache Behavior ::run [ RunTime:0.000893s ]
INFO: ShowRuntime Behavior ::run [ RunTime:0.001618s ]
INFO: [ view_filter ] --END-- [ RunTime:0.006424s ]
INFO: [ view_end ] --START--
INFO: ShowPageTrace Behavior ::run [ RunTime:0.001577s ]
INFO: [ view_end ] --END-- [ RunTime:0.001675s ]

[ 2014-01-06T11:16:39+08:00 ] 127.0.0.1 /waste/index.php/Home/Login/city.html
INFO: [ route_check ] --START--
INFO: CheckRoute Behavior ::run [ RunTime:0.001583s ]
INFO: [ route_check ] --END-- [ RunTime:0.001714s ]
INFO: [ app_begin ] --START--
INFO: ReadHtmlCache Behavior ::run [ RunTime:0.001504s ]
INFO: [ app_begin ] --END-- [ RunTime:0.001643s ]
NOTIC: [8] Constant THEME_NAME already defined D:\GitLab\waste\ThinkPHP\Lib\Core\View.class.php 第 223 行.
NOTIC: [8] Constant THEME_PATH already defined D:\GitLab\waste\ThinkPHP\Lib\Core\View.class.php 第 174 行.
NOTIC: [8] Constant APP_TMPL_PATH already defined D:\GitLab\waste\ThinkPHP\Lib\Core\View.class.php 第 175 行.
INFO: [ view_parse ] --START--
INFO: ParseTemplate Behavior ::run [ RunTime:0.025292s ]
INFO: [ view_parse ] --END-- [ RunTime:0.025430s ]
INFO: [ view_filter ] --START--
INFO: ContentReplace Behavior ::run [ RunTime:0.001053s ]
INFO: TokenBuild Behavior ::run [ RunTime:0.001026s ]
INFO: WriteHtmlCache Behavior ::run [ RunTime:0.000850s ]
INFO: ShowRuntime Behavior ::run [ RunTime:0.001114s ]
INFO: [ view_filter ] --END-- [ RunTime:0.004344s ]
INFO: [ view_end ] --START--
INFO: ShowPageTrace Behavior ::run [ RunTime:0.001208s ]
INFO: [ view_end ] --END-- [ RunTime:0.001292s ]

[ 2014-01-06T11:49:37+08:00 ] 127.0.0.1 /waste/
INFO: [ app_begin ] --START--
INFO: ReadHtmlCache Behavior ::run [ RunTime:0.006091s ]
INFO: [ app_begin ] --END-- [ RunTime:0.006294s ]
INFO: [ view_parse ] --START--
INFO: ParseTemplate Behavior ::run [ RunTime:0.155734s ]
INFO: [ view_parse ] --END-- [ RunTime:0.155908s ]
INFO: [ view_filter ] --START--
INFO: ContentReplace Behavior ::run [ RunTime:0.001694s ]
INFO: TokenBuild Behavior ::run [ RunTime:0.002044s ]
INFO: WriteHtmlCache Behavior ::run [ RunTime:0.001660s ]
INFO: ShowRuntime Behavior ::run [ RunTime:0.001696s ]
INFO: [ view_filter ] --END-- [ RunTime:0.007458s ]
INFO: [ view_end ] --START--
INFO: ShowPageTrace Behavior ::run [ RunTime:0.001698s ]
INFO: [ view_end ] --END-- [ RunTime:0.001785s ]

[ 2014-01-06T11:49:38+08:00 ] 127.0.0.1 /waste/index.php/Home/Index/verify.html
INFO: [ route_check ] --START--
INFO: CheckRoute Behavior ::run [ RunTime:0.202569s ]
INFO: [ route_check ] --END-- [ RunTime:0.202885s ]
INFO: [ app_begin ] --START--
INFO: ReadHtmlCache Behavior ::run [ RunTime:0.001355s ]
INFO: [ app_begin ] --END-- [ RunTime:0.001477s ]

[ 2014-01-06T11:49:55+08:00 ] 127.0.0.1 /waste/index.php/Home/Index/login.html
INFO: [ route_check ] --START--
INFO: CheckRoute Behavior ::run [ RunTime:0.002256s ]
INFO: [ route_check ] --END-- [ RunTime:0.002394s ]
INFO: [ app_begin ] --START--
INFO: ReadHtmlCache Behavior ::run [ RunTime:0.000903s ]
INFO: [ app_begin ] --END-- [ RunTime:0.001004s ]
SQL: SHOW COLUMNS FROM `user` [ RunTime:0.001880s ]
SQL: SELECT * FROM `user` WHERE ( `username` = 'city' ) LIMIT 1   [ RunTime:0.001306s ]
SQL: UPDATE `user` SET `logintime`='2014-01-06 11:49:55',`loginip`='127.0.0.1' WHERE ( `user_id` = 1 ) [ RunTime:0.004378s ]

[ 2014-01-06T11:49:56+08:00 ] 127.0.0.1 /waste/index.php/Home/Login/city.html
INFO: [ route_check ] --START--
INFO: CheckRoute Behavior ::run [ RunTime:0.002643s ]
INFO: [ route_check ] --END-- [ RunTime:0.002850s ]
INFO: [ app_begin ] --START--
INFO: ReadHtmlCache Behavior ::run [ RunTime:0.001095s ]
INFO: [ app_begin ] --END-- [ RunTime:0.001266s ]
NOTIC: [8] Constant THEME_NAME already defined D:\GitLab\waste\ThinkPHP\Lib\Core\View.class.php 第 223 行.
NOTIC: [8] Constant THEME_PATH already defined D:\GitLab\waste\ThinkPHP\Lib\Core\View.class.php 第 174 行.
NOTIC: [8] Constant APP_TMPL_PATH already defined D:\GitLab\waste\ThinkPHP\Lib\Core\View.class.php 第 175 行.
INFO: [ view_parse ] --START--
INFO: ParseTemplate Behavior ::run [ RunTime:0.227431s ]
INFO: [ view_parse ] --END-- [ RunTime:0.227585s ]
INFO: [ view_filter ] --START--
INFO: ContentReplace Behavior ::run [ RunTime:0.001078s ]
INFO: TokenBuild Behavior ::run [ RunTime:0.001047s ]
INFO: WriteHtmlCache Behavior ::run [ RunTime:0.001701s ]
INFO: ShowRuntime Behavior ::run [ RunTime:0.001012s ]
INFO: [ view_filter ] --END-- [ RunTime:0.005135s ]
INFO: [ view_end ] --START--
INFO: ShowPageTrace Behavior ::run [ RunTime:0.024959s ]
INFO: [ view_end ] --END-- [ RunTime:0.025147s ]

[ 2014-01-06T11:50:05+08:00 ] 127.0.0.1 /waste/index.php/Home/Login/logout.html
INFO: [ route_check ] --START--
INFO: CheckRoute Behavior ::run [ RunTime:0.002006s ]
INFO: [ route_check ] --END-- [ RunTime:0.002219s ]
INFO: [ app_begin ] --START--
INFO: ReadHtmlCache Behavior ::run [ RunTime:0.001726s ]
INFO: [ app_begin ] --END-- [ RunTime:0.001897s ]

[ 2014-01-06T11:50:06+08:00 ] 127.0.0.1 /waste/index.php/Home/Index/index.html
INFO: [ route_check ] --START--
INFO: CheckRoute Behavior ::run [ RunTime:0.001614s ]
INFO: [ route_check ] --END-- [ RunTime:0.001800s ]
INFO: [ app_begin ] --START--
INFO: ReadHtmlCache Behavior ::run [ RunTime:0.001333s ]
INFO: [ app_begin ] --END-- [ RunTime:0.001484s ]
INFO: [ view_parse ] --START--
INFO: ParseTemplate Behavior ::run [ RunTime:0.310467s ]
INFO: [ view_parse ] --END-- [ RunTime:0.310648s ]
INFO: [ view_filter ] --START--
INFO: ContentReplace Behavior ::run [ RunTime:0.001426s ]
INFO: TokenBuild Behavior ::run [ RunTime:0.001395s ]
INFO: WriteHtmlCache Behavior ::run [ RunTime:0.001387s ]
INFO: ShowRuntime Behavior ::run [ RunTime:0.001290s ]
INFO: [ view_filter ] --END-- [ RunTime:0.006096s ]
INFO: [ view_end ] --START--
INFO: ShowPageTrace Behavior ::run [ RunTime:0.001435s ]
INFO: [ view_end ] --END-- [ RunTime:0.001548s ]

[ 2014-01-06T11:50:06+08:00 ] 127.0.0.1 /waste/index.php/Home/Index/verify.html
INFO: [ route_check ] --START--
INFO: CheckRoute Behavior ::run [ RunTime:0.001690s ]
INFO: [ route_check ] --END-- [ RunTime:0.001897s ]
INFO: [ app_begin ] --START--
INFO: ReadHtmlCache Behavior ::run [ RunTime:0.001165s ]
INFO: [ app_begin ] --END-- [ RunTime:0.001337s ]

[ 2014-01-06T11:50:09+08:00 ] 127.0.0.1 /waste/index.php/Home/Login/city.html
INFO: [ route_check ] --START--
INFO: CheckRoute Behavior ::run [ RunTime:0.001087s ]
INFO: [ route_check ] --END-- [ RunTime:0.001208s ]
INFO: [ app_begin ] --START--
INFO: ReadHtmlCache Behavior ::run [ RunTime:0.001472s ]
INFO: [ app_begin ] --END-- [ RunTime:0.001587s ]

[ 2014-01-06T11:50:09+08:00 ] 127.0.0.1 /waste/index.php/Home/Index/index.html
INFO: [ route_check ] --START--
INFO: CheckRoute Behavior ::run [ RunTime:0.001797s ]
INFO: [ route_check ] --END-- [ RunTime:0.002087s ]
INFO: [ app_begin ] --START--
INFO: ReadHtmlCache Behavior ::run [ RunTime:0.001058s ]
INFO: [ app_begin ] --END-- [ RunTime:0.001230s ]
INFO: [ view_parse ] --START--
INFO: ParseTemplate Behavior ::run [ RunTime:0.014714s ]
INFO: [ view_parse ] --END-- [ RunTime:0.014882s ]
INFO: [ view_filter ] --START--
INFO: ContentReplace Behavior ::run [ RunTime:0.000690s ]
INFO: TokenBuild Behavior ::run [ RunTime:0.000652s ]
INFO: WriteHtmlCache Behavior ::run [ RunTime:0.000438s ]
INFO: ShowRuntime Behavior ::run [ RunTime:0.000764s ]
INFO: [ view_filter ] --END-- [ RunTime:0.002886s ]
INFO: [ view_end ] --START--
INFO: ShowPageTrace Behavior ::run [ RunTime:0.001088s ]
INFO: [ view_end ] --END-- [ RunTime:0.001222s ]

[ 2014-01-06T11:50:10+08:00 ] 127.0.0.1 /waste/index.php/Home/Index/verify.html
INFO: [ route_check ] --START--
INFO: CheckRoute Behavior ::run [ RunTime:0.001742s ]
INFO: [ route_check ] --END-- [ RunTime:0.001965s ]
INFO: [ app_begin ] --START--
INFO: ReadHtmlCache Behavior ::run [ RunTime:0.001163s ]
INFO: [ app_begin ] --END-- [ RunTime:0.001379s ]

[ 2014-01-06T11:50:16+08:00 ] 127.0.0.1 /waste/index.php/Home/Login/city.html
INFO: [ route_check ] --START--
INFO: CheckRoute Behavior ::run [ RunTime:0.002140s ]
INFO: [ route_check ] --END-- [ RunTime:0.002351s ]
INFO: [ app_begin ] --START--
INFO: ReadHtmlCache Behavior ::run [ RunTime:0.001147s ]
INFO: [ app_begin ] --END-- [ RunTime:0.001329s ]

[ 2014-01-06T11:50:17+08:00 ] 127.0.0.1 /waste/index.php/Home/Index/index.html
INFO: [ route_check ] --START--
INFO: CheckRoute Behavior ::run [ RunTime:0.001715s ]
INFO: [ route_check ] --END-- [ RunTime:0.001921s ]
INFO: [ app_begin ] --START--
INFO: ReadHtmlCache Behavior ::run [ RunTime:0.001092s ]
INFO: [ app_begin ] --END-- [ RunTime:0.001275s ]
INFO: [ view_parse ] --START--
INFO: ParseTemplate Behavior ::run [ RunTime:0.017963s ]
INFO: [ view_parse ] --END-- [ RunTime:0.018159s ]
INFO: [ view_filter ] --START--
INFO: ContentReplace Behavior ::run [ RunTime:0.001748s ]
INFO: TokenBuild Behavior ::run [ RunTime:0.000902s ]
INFO: WriteHtmlCache Behavior ::run [ RunTime:0.000601s ]
INFO: ShowRuntime Behavior ::run [ RunTime:0.000910s ]
INFO: [ view_filter ] --END-- [ RunTime:0.004655s ]
INFO: [ view_end ] --START--
INFO: ShowPageTrace Behavior ::run [ RunTime:0.001524s ]
INFO: [ view_end ] --END-- [ RunTime:0.001804s ]

[ 2014-01-06T11:50:17+08:00 ] 127.0.0.1 /waste/index.php/Home/Index/verify.html
INFO: [ route_check ] --START--
INFO: CheckRoute Behavior ::run [ RunTime:0.001675s ]
INFO: [ route_check ] --END-- [ RunTime:0.001876s ]
INFO: [ app_begin ] --START--
INFO: ReadHtmlCache Behavior ::run [ RunTime:0.001088s ]
INFO: [ app_begin ] --END-- [ RunTime:0.001270s ]

[ 2014-01-06T11:50:58+08:00 ] 127.0.0.1 /waste/index.php/Home/Index/login.html
INFO: [ route_check ] --START--
INFO: CheckRoute Behavior ::run [ RunTime:0.001179s ]
INFO: [ route_check ] --END-- [ RunTime:0.001320s ]
INFO: [ app_begin ] --START--
INFO: ReadHtmlCache Behavior ::run [ RunTime:0.000801s ]
INFO: [ app_begin ] --END-- [ RunTime:0.000926s ]
SQL: SHOW COLUMNS FROM `user` [ RunTime:0.002065s ]
SQL: SELECT * FROM `user` WHERE ( `username` = 'city' ) LIMIT 1   [ RunTime:0.001590s ]
SQL: UPDATE `user` SET `logintime`='2014-01-06 11:50:58',`loginip`='127.0.0.1' WHERE ( `user_id` = 1 ) [ RunTime:0.018651s ]

[ 2014-01-06T11:50:58+08:00 ] 127.0.0.1 /waste/index.php/Home/Login/city.html
INFO: [ route_check ] --START--
INFO: CheckRoute Behavior ::run [ RunTime:0.003731s ]
INFO: [ route_check ] --END-- [ RunTime:0.003949s ]
INFO: [ app_begin ] --START--
INFO: ReadHtmlCache Behavior ::run [ RunTime:0.001088s ]
INFO: [ app_begin ] --END-- [ RunTime:0.001256s ]
NOTIC: [8] Constant THEME_NAME already defined D:\GitLab\waste\ThinkPHP\Lib\Core\View.class.php 第 223 行.
NOTIC: [8] Constant THEME_PATH already defined D:\GitLab\waste\ThinkPHP\Lib\Core\View.class.php 第 174 行.
NOTIC: [8] Constant APP_TMPL_PATH already defined D:\GitLab\waste\ThinkPHP\Lib\Core\View.class.php 第 175 行.
INFO: [ view_parse ] --START--
INFO: ParseTemplate Behavior ::run [ RunTime:0.016880s ]
INFO: [ view_parse ] --END-- [ RunTime:0.017034s ]
INFO: [ view_filter ] --START--
INFO: ContentReplace Behavior ::run [ RunTime:0.000894s ]
INFO: TokenBuild Behavior ::run [ RunTime:0.000897s ]
INFO: WriteHtmlCache Behavior ::run [ RunTime:0.000615s ]
INFO: ShowRuntime Behavior ::run [ RunTime:0.000640s ]
INFO: [ view_filter ] --END-- [ RunTime:0.003429s ]
INFO: [ view_end ] --START--
INFO: ShowPageTrace Behavior ::run [ RunTime:0.001286s ]
INFO: [ view_end ] --END-- [ RunTime:0.001423s ]

[ 2014-01-06T11:58:02+08:00 ] 127.0.0.1 /waste/index.php/Home/Login/city.html
INFO: [ route_check ] --START--
INFO: CheckRoute Behavior ::run [ RunTime:0.001817s ]
INFO: [ route_check ] --END-- [ RunTime:0.001960s ]
INFO: [ app_begin ] --START--
INFO: ReadHtmlCache Behavior ::run [ RunTime:0.001073s ]
INFO: [ app_begin ] --END-- [ RunTime:0.001156s ]
NOTIC: [8] Constant THEME_NAME already defined D:\GitLab\waste\ThinkPHP\Lib\Core\View.class.php 第 223 行.
NOTIC: [8] Constant THEME_PATH already defined D:\GitLab\waste\ThinkPHP\Lib\Core\View.class.php 第 174 行.
NOTIC: [8] Constant APP_TMPL_PATH already defined D:\GitLab\waste\ThinkPHP\Lib\Core\View.class.php 第 175 行.
INFO: [ view_parse ] --START--
INFO: ParseTemplate Behavior ::run [ RunTime:0.014491s ]
INFO: [ view_parse ] --END-- [ RunTime:0.014660s ]
INFO: [ view_filter ] --START--
INFO: ContentReplace Behavior ::run [ RunTime:0.001150s ]
INFO: TokenBuild Behavior ::run [ RunTime:0.001007s ]
INFO: WriteHtmlCache Behavior ::run [ RunTime:0.000857s ]
INFO: ShowRuntime Behavior ::run [ RunTime:0.001112s ]
INFO: [ view_filter ] --END-- [ RunTime:0.004423s ]
INFO: [ view_end ] --START--
INFO: ShowPageTrace Behavior ::run [ RunTime:0.001497s ]
INFO: [ view_end ] --END-- [ RunTime:0.001610s ]

